2025-12-09 05:43:07,337 [INFO] SLURM_ARRAY_TASK_ID: 3
2025-12-09 05:43:07,337 [INFO] SLURM_ARRAY_TASK_COUNT: 5
2025-12-09 05:43:16,781 [INFO] Total number of assemblies: 1958
2025-12-09 05:43:17,379 [INFO] Finished inserting GCF_025997855.1
2025-12-09 05:43:18,039 [INFO] Finished inserting GCF_030705325.2
2025-12-09 05:43:18,619 [INFO] Finished inserting GCF_014042035.1
2025-12-09 05:43:19,300 [INFO] Finished inserting GCA_021065125.2
2025-12-09 05:43:19,521 [INFO] Finished inserting GCF_025884515.1
2025-12-09 05:43:20,127 [INFO] Finished inserting GCF_022558925.1
2025-12-09 05:43:20,545 [INFO] Finished inserting GCF_015191005.1
2025-12-09 05:43:20,786 [INFO] Finished inserting GCF_024399395.1
2025-12-09 05:43:21,598 [INFO] Finished inserting GCF_033802785.1
2025-12-09 05:43:22,144 [INFO] Finished inserting GCF_030291015.1
2025-12-09 05:43:22,442 [INFO] Finished inserting GCF_027116475.1
2025-12-09 05:43:22,937 [INFO] Finished inserting GCF_034345625.1
2025-12-09 05:43:23,428 [INFO] Finished inserting GCF_023634805.2
2025-12-09 05:43:23,685 [INFO] Finished inserting GCF_018176875.1
2025-12-09 05:43:24,147 [INFO] Finished inserting GCF_026153295.1
2025-12-09 05:43:24,794 [INFO] Finished inserting GCF_041956855.1
2025-12-09 05:43:25,559 [INFO] Finished inserting GCF_020861345.1
2025-12-09 05:43:25,859 [INFO] Finished inserting GCA_040364595.1
2025-12-09 05:43:26,664 [INFO] Finished inserting GCF_019968725.1
2025-12-09 05:43:27,311 [INFO] Finished inserting GCF_021398975.1
2025-12-09 05:43:27,796 [INFO] Finished inserting GCF_044595625.1
2025-12-09 05:43:28,283 [INFO] Finished inserting GCF_947090775.1
2025-12-09 05:43:29,097 [INFO] Finished inserting GCF_024971855.1
2025-12-09 05:43:30,138 [INFO] Finished inserting GCF_041228765.1
2025-12-09 05:43:30,274 [INFO] Finished inserting GCA_016864895.1
2025-12-09 05:43:30,657 [INFO] Finished inserting GCF_030157885.1
2025-12-09 05:43:31,153 [INFO] Finished inserting GCF_019924635.1
2025-12-09 05:43:31,803 [INFO] Finished inserting GCF_040762985.1
2025-12-09 05:43:32,259 [INFO] Finished inserting GCF_018588605.2
2025-12-09 05:43:32,788 [INFO] Finished inserting GCF_009936375.1
2025-12-09 05:43:33,874 [INFO] Finished inserting GCF_020542785.1
2025-12-09 05:43:34,422 [INFO] Finished inserting GCF_964186625.1
2025-12-09 05:43:34,902 [INFO] Finished inserting GCF_041733115.1
2025-12-09 05:43:35,189 [INFO] Finished inserting GCF_045159835.1
2025-12-09 05:43:36,306 [INFO] Finished inserting GCF_037081825.1
2025-12-09 05:43:36,673 [INFO] Finished inserting GCF_044597405.1
2025-12-09 05:43:37,496 [INFO] Finished inserting GCA_042692285.1
2025-12-09 05:43:38,105 [INFO] Finished inserting GCF_008931465.1
2025-12-09 05:43:38,717 [INFO] Finished inserting GCF_029168555.1
2025-12-09 05:43:39,560 [INFO] Finished inserting GCF_043099305.1
2025-12-09 05:43:40,042 [INFO] Finished inserting GCF_023588965.1
2025-12-09 05:43:40,662 [INFO] Finished inserting GCF_021768425.1
2025-12-09 05:43:41,730 [INFO] Finished inserting GCF_022807935.1
2025-12-09 05:43:42,395 [INFO] Finished inserting GCF_037055275.1
2025-12-09 05:43:43,250 [INFO] Finished inserting GCF_044055375.1
2025-12-09 05:43:43,953 [INFO] Finished inserting GCF_034346205.1
2025-12-09 05:43:44,458 [INFO] Finished inserting GCF_023078375.1
2025-12-09 05:43:45,097 [INFO] Finished inserting GCF_034424255.1
2025-12-09 05:43:45,657 [INFO] Finished inserting GCF_030297115.1
2025-12-09 05:43:46,204 [INFO] Finished inserting GCF_042140245.1
2025-12-09 05:43:46,766 [INFO] Finished inserting GCF_042699465.1
2025-12-09 05:43:47,277 [INFO] Finished inserting GCF_030913325.1
2025-12-09 05:43:48,117 [INFO] Finished inserting GCF_030719295.1
2025-12-09 05:43:48,630 [INFO] Finished inserting GCF_044784355.1
2025-12-09 05:43:49,067 [INFO] Finished inserting GCA_024628785.1
2025-12-09 05:43:49,638 [INFO] Finished inserting GCF_023023085.1
2025-12-09 05:43:50,311 [INFO] Finished inserting GCF_021117075.1
2025-12-09 05:43:50,704 [INFO] Finished inserting GCF_015140455.1
2025-12-09 05:43:51,024 [INFO] Finished inserting GCF_033877495.1
2025-12-09 05:43:51,289 [INFO] Finished inserting GCF_018972085.1
2025-12-09 05:43:51,699 [INFO] Finished inserting GCF_014725715.1
2025-12-09 05:43:52,230 [INFO] Finished inserting GCF_021049245.1
2025-12-09 05:43:52,914 [INFO] Finished inserting GCF_004006175.1
2025-12-09 05:43:53,566 [INFO] Finished inserting GCF_030123385.1
2025-12-09 05:43:54,002 [INFO] Finished inserting GCF_013127315.1
2025-12-09 05:43:54,070 [INFO] Finished inserting GCF_017656055.1
2025-12-09 05:43:54,521 [INFO] Finished inserting GCF_021431905.1
2025-12-09 05:43:54,869 [INFO] Finished inserting GCF_023278045.1
2025-12-09 05:43:55,514 [INFO] Finished inserting GCF_036687365.1
2025-12-09 05:43:56,054 [INFO] Finished inserting GCF_046245175.1
2025-12-09 05:43:56,486 [INFO] Finished inserting GCF_023898825.1
2025-12-09 05:43:57,238 [INFO] Finished inserting GCF_036871025.1
2025-12-09 05:43:57,687 [INFO] Finished inserting GCF_044596045.1
2025-12-09 05:43:58,998 [INFO] Finished inserting GCF_040114435.1
2025-12-09 05:43:59,545 [INFO] Finished inserting GCF_032710345.1
2025-12-09 05:44:00,191 [INFO] Finished inserting GCF_037327425.1
2025-12-09 05:44:00,570 [INFO] Finished inserting GCF_024362205.1
2025-12-09 05:44:01,456 [INFO] Finished inserting GCF_009789655.1
2025-12-09 05:44:01,587 [INFO] Finished inserting GCA_016699265.1
2025-12-09 05:44:02,027 [INFO] Finished inserting GCF_014884485.1
2025-12-09 05:44:02,762 [INFO] Finished inserting GCF_038246755.1
2025-12-09 05:44:03,218 [INFO] Finished inserting GCF_009740285.1
2025-12-09 05:44:03,603 [INFO] Finished inserting GCF_044594645.1
2025-12-09 05:44:04,039 [INFO] Finished inserting GCA_021555105.2
2025-12-09 05:44:04,416 [INFO] Finished inserting GCF_042134605.1
2025-12-09 05:44:04,701 [INFO] Finished inserting GCF_036320655.1
2025-12-09 05:44:05,220 [INFO] Finished inserting GCF_042140095.1
2025-12-09 05:44:05,929 [INFO] Finished inserting GCF_021869665.1
2025-12-09 05:44:06,459 [INFO] Finished inserting GCF_041315915.1
2025-12-09 05:44:06,989 [INFO] Finished inserting GCF_030369675.1
2025-12-09 05:44:07,429 [INFO] Finished inserting GCF_007182895.1
2025-12-09 05:44:07,911 [INFO] Finished inserting GCF_014679335.1
2025-12-09 05:44:08,501 [INFO] Finished inserting GCA_033977085.1
2025-12-09 05:44:09,067 [INFO] Finished inserting GCF_003234085.2
2025-12-09 05:44:09,602 [INFO] Finished inserting GCF_030016185.2
2025-12-09 05:44:10,346 [INFO] Finished inserting GCF_044056035.1
2025-12-09 05:44:11,029 [INFO] Finished inserting GCF_040801775.1
2025-12-09 05:44:11,562 [INFO] Finished inserting GCF_023612075.1
2025-12-09 05:44:12,381 [INFO] Finished inserting GCF_041319885.1
2025-12-09 05:44:13,012 [INFO] Finished inserting GCF_037213995.1
2025-12-09 05:44:13,531 [INFO] Finished inserting GCF_041318675.1
2025-12-09 05:44:14,315 [INFO] Finished inserting GCF_036670025.1
2025-12-09 05:44:14,869 [INFO] Finished inserting GCF_030296015.1
2025-12-09 05:44:15,304 [INFO] Finished inserting GCF_045061075.1
2025-12-09 05:44:15,800 [INFO] Finished inserting GCF_030915425.1
2025-12-09 05:44:16,184 [INFO] Finished inserting GCF_045070525.1
2025-12-09 05:44:16,677 [INFO] Finished inserting GCF_036322805.1
2025-12-09 05:44:16,932 [INFO] Finished inserting GCF_046097395.1
2025-12-09 05:44:18,021 [INFO] Finished inserting GCF_040254265.1
2025-12-09 05:44:19,122 [INFO] Finished inserting GCF_032917965.1
2025-12-09 05:44:19,514 [INFO] Finished inserting GCF_011067105.1
2025-12-09 05:44:20,262 [INFO] Finished inserting GCF_040215685.1
2025-12-09 05:44:20,964 [INFO] Finished inserting GCF_019295365.2
2025-12-09 05:44:21,641 [INFO] Finished inserting GCF_037081855.1
2025-12-09 05:44:22,247 [INFO] Finished inserting GCF_034376865.1
2025-12-09 05:44:22,757 [INFO] Finished inserting GCF_026183365.1
2025-12-09 05:44:23,703 [INFO] Finished inserting GCF_020341595.1
2025-12-09 05:44:24,052 [INFO] Finished inserting GCA_039995105.1
2025-12-09 05:44:24,754 [INFO] Finished inserting GCF_019550795.1
2025-12-09 05:44:25,108 [INFO] Finished inserting GCA_018388605.1
2025-12-09 05:44:25,443 [INFO] Finished inserting GCF_044594215.1
2025-12-09 05:44:25,636 [INFO] Finished inserting GCF_040790775.1
2025-12-09 05:44:26,454 [INFO] Finished inserting GCF_014489615.1
2025-12-09 05:44:27,098 [INFO] Finished inserting GCF_042019215.1
2025-12-09 05:44:27,841 [INFO] Finished inserting GCF_045013515.1
2025-12-09 05:44:28,328 [INFO] Finished inserting GCF_041320285.1
2025-12-09 05:44:28,964 [INFO] Finished inserting GCA_022836955.1
2025-12-09 05:44:29,235 [INFO] Finished inserting GCF_030291915.1
2025-12-09 05:44:29,463 [INFO] Finished inserting GCA_029269845.2
2025-12-09 05:44:29,871 [INFO] Finished inserting GCA_016699575.1
2025-12-09 05:44:30,312 [INFO] Finished inserting GCF_014117445.1
2025-12-09 05:44:31,184 [INFO] Finished inserting GCA_004000515.1
2025-12-09 05:44:31,815 [INFO] Finished inserting GCA_008011715.2
2025-12-09 05:44:32,488 [INFO] Finished inserting GCF_030915525.1
2025-12-09 05:44:33,197 [INFO] Finished inserting GCF_040760005.1
2025-12-09 05:44:34,120 [INFO] Finished inserting GCF_021028635.1
2025-12-09 05:44:34,427 [INFO] Finished inserting GCF_009799805.1
2025-12-09 05:44:34,892 [INFO] Finished inserting GCF_034376045.1
2025-12-09 05:44:35,305 [INFO] Finished inserting GCF_026104335.1
2025-12-09 05:44:35,549 [INFO] Finished inserting GCF_042140045.1
2025-12-09 05:44:36,043 [INFO] Finished inserting GCF_019078745.1
2025-12-09 05:44:36,590 [INFO] Finished inserting GCF_025133195.1
2025-12-09 05:44:37,016 [INFO] Finished inserting GCF_025264665.1
2025-12-09 05:44:37,644 [INFO] Finished inserting GCF_025765875.1
2025-12-09 05:44:37,932 [INFO] Finished inserting GCF_964063355.1
2025-12-09 05:44:38,603 [INFO] Finished inserting GCF_030123245.1
2025-12-09 05:44:39,012 [INFO] Finished inserting GCA_033170615.1
2025-12-09 05:44:39,682 [INFO] Finished inserting GCF_019968765.1
2025-12-09 05:44:40,410 [INFO] Finished inserting GCF_028993595.1
2025-12-09 05:44:40,657 [INFO] Finished inserting GCF_030758675.1
2025-12-09 05:44:41,172 [INFO] Finished inserting GCF_015218165.1
2025-12-09 05:44:41,796 [INFO] Finished inserting GCF_042140265.1
2025-12-09 05:44:42,266 [INFO] Finished inserting GCF_045063725.1
2025-12-09 05:44:42,589 [INFO] Finished inserting GCF_029211325.2
2025-12-09 05:44:43,095 [INFO] Finished inserting GCF_013344685.1
2025-12-09 05:44:43,529 [INFO] Finished inserting GCF_037323615.1
2025-12-09 05:44:43,988 [INFO] Finished inserting GCF_043950245.1
2025-12-09 05:44:44,478 [INFO] Finished inserting GCF_045037995.1
2025-12-09 05:44:44,968 [INFO] Finished inserting GCF_014679145.1
2025-12-09 05:44:45,376 [INFO] Finished inserting GCF_027171405.1
2025-12-09 05:44:46,106 [INFO] Finished inserting GCF_016599735.1
2025-12-09 05:44:46,682 [INFO] Finished inserting GCF_029866905.1
2025-12-09 05:44:47,004 [INFO] Finished inserting GCF_030758655.1
2025-12-09 05:44:47,292 [INFO] Finished inserting GCA_042140035.1
2025-12-09 05:44:47,497 [INFO] Finished inserting GCF_019614295.1
2025-12-09 05:44:48,019 [INFO] Finished inserting GCF_025244665.1
2025-12-09 05:44:48,432 [INFO] Finished inserting GCF_029510815.1
2025-12-09 05:44:49,333 [INFO] Finished inserting GCF_020026305.1
2025-12-09 05:44:50,002 [INFO] Finished inserting GCF_021365485.1
2025-12-09 05:44:50,723 [INFO] Finished inserting GCA_030179875.1
2025-12-09 05:44:51,075 [INFO] Finished inserting GCA_036321625.1
2025-12-09 05:44:51,622 [INFO] Finished inserting GCF_037935975.1
2025-12-09 05:44:52,059 [INFO] Finished inserting GCF_044881195.1
2025-12-09 05:44:52,594 [INFO] Finished inserting GCF_045277235.1
2025-12-09 05:44:52,893 [INFO] Finished inserting GCF_008586845.1
2025-12-09 05:44:53,363 [INFO] Finished inserting GCF_034555965.2
2025-12-09 05:44:54,001 [INFO] Finished inserting GCF_020386635.1
2025-12-09 05:44:54,551 [INFO] Finished inserting GCF_016598595.1
2025-12-09 05:44:55,463 [INFO] Finished inserting GCF_043099315.1
2025-12-09 05:44:56,285 [INFO] Finished inserting GCA_038024475.1
2025-12-09 05:44:56,866 [INFO] Finished inserting GCF_041200025.1
2025-12-09 05:44:57,939 [INFO] Finished inserting GCF_006516935.1
2025-12-09 05:44:58,370 [INFO] Finished inserting GCF_042699995.1
2025-12-09 05:44:58,657 [INFO] Finished inserting GCF_029011885.1
2025-12-09 05:44:58,853 [INFO] Finished inserting GCF_042033325.1
2025-12-09 05:44:59,140 [INFO] Finished inserting GCF_046097485.1
2025-12-09 05:44:59,592 [INFO] Finished inserting GCF_036322735.1
2025-12-09 05:44:59,905 [INFO] Finished inserting GCF_046112175.1
2025-12-09 05:45:01,207 [INFO] Finished inserting GCF_030285625.1
2025-12-09 05:45:01,706 [INFO] Finished inserting GCF_014672695.1
2025-12-09 05:45:02,052 [INFO] Finished inserting GCF_046097495.1
2025-12-09 05:45:02,111 [INFO] Finished inserting GCF_013463375.1
2025-12-09 05:45:02,701 [INFO] Finished inserting GCF_033947405.2
2025-12-09 05:45:03,032 [INFO] Finished inserting GCF_046058915.1
2025-12-09 05:45:03,457 [INFO] Finished inserting GCA_037888935.1
2025-12-09 05:45:03,999 [INFO] Finished inserting GCF_041281685.1
2025-12-09 05:45:04,516 [INFO] Finished inserting GCF_020641055.1
2025-12-09 05:45:05,042 [INFO] Finished inserting GCF_030291035.1
2025-12-09 05:45:05,590 [INFO] Finished inserting GCF_030053775.1
2025-12-09 05:45:06,265 [INFO] Finished inserting GCF_034347405.1
2025-12-09 05:45:06,424 [INFO] Finished inserting GCF_043004745.1
2025-12-09 05:45:07,359 [INFO] Finished inserting GCA_035927805.1
2025-12-09 05:45:08,107 [INFO] Finished inserting GCF_013116765.2
2025-12-09 05:45:08,642 [INFO] Finished inserting GCF_044056765.1
2025-12-09 05:45:08,977 [INFO] Finished inserting GCF_021560555.1
2025-12-09 05:45:09,521 [INFO] Finished inserting GCA_044357025.1
2025-12-09 05:45:10,064 [INFO] Finished inserting GCF_031233635.1
2025-12-09 05:45:10,499 [INFO] Finished inserting GCF_022819285.1
2025-12-09 05:45:11,290 [INFO] Finished inserting GCF_028771845.1
2025-12-09 05:45:11,744 [INFO] Finished inserting GCF_030503855.1
2025-12-09 05:45:12,155 [INFO] Finished inserting GCF_019884725.1
2025-12-09 05:45:13,244 [INFO] Finished inserting GCF_025642135.1
2025-12-09 05:45:13,662 [INFO] Finished inserting GCF_036322705.1
2025-12-09 05:45:14,102 [INFO] Finished inserting GCF_026013965.1
2025-12-09 05:45:14,460 [INFO] Finished inserting GCF_009189185.2
2025-12-09 05:45:14,784 [INFO] Finished inserting GCF_040409945.1
2025-12-09 05:45:14,972 [INFO] Finished inserting GCF_040790695.1
2025-12-09 05:45:15,452 [INFO] Finished inserting GCF_006094455.1
2025-12-09 05:45:16,525 [INFO] Finished inserting GCF_014489635.1
2025-12-09 05:45:16,783 [INFO] Finished inserting GCF_043634175.1
2025-12-09 05:45:17,386 [INFO] Finished inserting GCA_016864875.1
2025-12-09 05:45:18,235 [INFO] Finished inserting GCF_031884435.1
2025-12-09 05:45:18,658 [INFO] Finished inserting GCF_011065405.1
2025-12-09 05:45:18,972 [INFO] Finished inserting GCF_030908625.1
2025-12-09 05:45:19,617 [INFO] Finished inserting GCF_003994555.1
2025-12-09 05:45:20,156 [INFO] Finished inserting GCF_021596945.1
2025-12-09 05:45:20,689 [INFO] Finished inserting GCF_019334505.1
2025-12-09 05:45:21,615 [INFO] Finished inserting GCF_011006355.1
2025-12-09 05:45:22,185 [INFO] Finished inserting GCF_037076455.1
2025-12-09 05:45:22,286 [INFO] Finished inserting GCF_042465095.1
2025-12-09 05:45:22,997 [INFO] Finished inserting GCF_030123405.1
2025-12-09 05:45:23,452 [INFO] Finished inserting GCA_039880265.1
2025-12-09 05:45:24,027 [INFO] Finished inserting GCF_025452235.1
2025-12-09 05:45:24,833 [INFO] Finished inserting GCF_026240835.1
2025-12-09 05:45:25,503 [INFO] Finished inserting GCF_023518135.1
2025-12-09 05:45:26,192 [INFO] Finished inserting GCF_024971835.1
2025-12-09 05:45:26,367 [INFO] Finished inserting GCF_040790685.1
2025-12-09 05:45:26,879 [INFO] Finished inserting GCF_030544485.1
2025-12-09 05:45:26,967 [INFO] Finished inserting GCA_015257785.3
2025-12-09 05:45:27,561 [INFO] Finished inserting GCF_032924845.1
2025-12-09 05:45:27,732 [INFO] Finished inserting GCF_030758575.1
2025-12-09 05:45:28,909 [INFO] Finished inserting GCF_018223785.1
2025-12-09 05:45:29,844 [INFO] Finished inserting GCF_014263355.1
2025-12-09 05:45:30,134 [INFO] Finished inserting GCF_021957025.1
2025-12-09 05:45:30,726 [INFO] Finished inserting GCF_006088795.1
2025-12-09 05:45:30,930 [INFO] Finished inserting GCF_042182995.1
2025-12-09 05:45:31,229 [INFO] Finished inserting GCA_021044545.1
2025-12-09 05:45:31,458 [INFO] Finished inserting GCF_043000305.1
2025-12-09 05:45:31,679 [INFO] Finished inserting GCF_009676705.1
2025-12-09 05:45:32,150 [INFO] Finished inserting GCA_045040585.1
2025-12-09 05:45:32,463 [INFO] Finished inserting GCF_036323455.1
2025-12-09 05:45:32,781 [INFO] Finished inserting GCF_021957125.1
2025-12-09 05:45:33,278 [INFO] Finished inserting GCA_013347225.1
2025-12-09 05:45:34,327 [INFO] Finished inserting GCF_013284375.2
2025-12-09 05:45:34,542 [INFO] Finished inserting GCA_016403125.1
2025-12-09 05:45:35,486 [INFO] Finished inserting GCF_031583065.1
2025-12-09 05:45:36,087 [INFO] Finished inserting GCF_023221635.1
2025-12-09 05:45:36,667 [INFO] Finished inserting GCA_016700195.1
2025-12-09 05:45:37,360 [INFO] Finished inserting GCF_009649995.1
2025-12-09 05:45:37,881 [INFO] Finished inserting GCF_016865235.1
2025-12-09 05:45:38,698 [INFO] Finished inserting GCF_019598965.1
2025-12-09 05:45:39,334 [INFO] Finished inserting GCF_044905075.1
2025-12-09 05:45:39,638 [INFO] Finished inserting GCF_021513155.1
2025-12-09 05:45:40,289 [INFO] Finished inserting GCF_030505355.1
2025-12-09 05:45:41,182 [INFO] Finished inserting GCF_007558985.1
2025-12-09 05:45:41,750 [INFO] Finished inserting GCF_042134655.1
2025-12-09 05:45:42,239 [INFO] Finished inserting GCF_032842945.2
2025-12-09 05:45:42,999 [INFO] Finished inserting GCF_037099735.1
2025-12-09 05:45:43,562 [INFO] Finished inserting GCF_007995155.1
2025-12-09 05:45:44,293 [INFO] Finished inserting GCF_905175335.1
2025-12-09 05:45:44,839 [INFO] Finished inserting GCF_042140125.1
2025-12-09 05:45:45,177 [INFO] Finished inserting GCF_002901165.3
2025-12-09 05:45:45,885 [INFO] Finished inserting GCF_022701035.1
2025-12-09 05:45:46,811 [INFO] Finished inserting GCA_041920615.1
2025-12-09 05:45:47,271 [INFO] Finished inserting GCF_018604565.1
2025-12-09 05:45:47,738 [INFO] Finished inserting GCF_030296595.1
2025-12-09 05:45:48,050 [INFO] Finished inserting GCF_022983135.1
2025-12-09 05:45:48,708 [INFO] Finished inserting GCF_030915505.1
2025-12-09 05:45:49,131 [INFO] Finished inserting GCF_029866945.1
2025-12-09 05:45:49,475 [INFO] Finished inserting GCF_030758595.1
2025-12-09 05:45:50,191 [INFO] Finished inserting GCF_040729435.1
2025-12-09 05:45:50,815 [INFO] Finished inserting GCA_016801815.1
2025-12-09 05:45:51,431 [INFO] Finished inserting GCF_040687735.1
2025-12-09 05:45:51,738 [INFO] Finished inserting GCF_013423865.1
2025-12-09 05:45:52,253 [INFO] Finished inserting GCF_025639885.1
2025-12-09 05:45:52,564 [INFO] Finished inserting GCA_016699285.1
2025-12-09 05:45:53,384 [INFO] Finished inserting GCF_030123365.1
2025-12-09 05:45:54,002 [INFO] Finished inserting GCF_014171775.1
2025-12-09 05:45:54,221 [INFO] Finished inserting GCF_916098255.1
2025-12-09 05:45:54,585 [INFO] Finished inserting GCF_044324945.1
2025-12-09 05:45:54,884 [INFO] Finished inserting GCF_037478115.1
2025-12-09 05:45:55,674 [INFO] Finished inserting GCF_041956845.1
2025-12-09 05:45:56,345 [INFO] Finished inserting GCF_016653695.1
2025-12-09 05:45:56,901 [INFO] Finished inserting GCF_036865495.1
2025-12-09 05:45:57,758 [INFO] Finished inserting GCF_030915385.1
2025-12-09 05:45:58,264 [INFO] Finished inserting GCF_045781735.1
2025-12-09 05:45:58,877 [INFO] Finished inserting GCF_009429005.1
2025-12-09 05:45:59,175 [INFO] Finished inserting GCF_019774595.1
2025-12-09 05:45:59,477 [INFO] Finished inserting GCF_023221615.1
2025-12-09 05:46:00,113 [INFO] Finished inserting GCF_020520305.1
2025-12-09 05:46:00,437 [INFO] Finished inserting GCF_000466885.3
2025-12-09 05:46:00,952 [INFO] Finished inserting GCF_034371605.1
2025-12-09 05:46:01,414 [INFO] Finished inserting GCA_046113265.1
2025-12-09 05:46:01,647 [INFO] Finished inserting GCF_018176755.1
2025-12-09 05:46:01,889 [INFO] Finished inserting GCF_014596425.2
2025-12-09 05:46:02,481 [INFO] Finished inserting GCA_014873095.1
2025-12-09 05:46:03,081 [INFO] Finished inserting GCF_024628845.1
2025-12-09 05:46:03,450 [INFO] Finished inserting GCA_023213215.1
2025-12-09 05:46:04,315 [INFO] Finished inserting GCF_035320885.1
2025-12-09 05:46:04,837 [INFO] Finished inserting GCF_947090715.1
2025-12-09 05:46:05,429 [INFO] Finished inserting GCF_037853395.1
2025-12-09 05:46:06,883 [INFO] Finished inserting GCF_012273515.2
2025-12-09 05:46:07,420 [INFO] Finished inserting GCA_013414705.1
2025-12-09 05:46:08,099 [INFO] Finished inserting GCF_029536955.1
2025-12-09 05:46:08,813 [INFO] Finished inserting GCF_040893145.1
2025-12-09 05:46:09,767 [INFO] Finished inserting GCF_030167965.1
2025-12-09 05:46:09,934 [INFO] Finished inserting GCA_015219825.1
2025-12-09 05:46:10,373 [INFO] Finished inserting GCF_034375205.1
2025-12-09 05:46:11,279 [INFO] Finished inserting GCF_040267515.1
2025-12-09 05:46:11,725 [INFO] Finished inserting GCA_029537295.1
2025-12-09 05:46:12,311 [INFO] Finished inserting GCF_045278885.1
2025-12-09 05:46:13,138 [INFO] Finished inserting GCF_030848725.1
2025-12-09 05:46:13,697 [INFO] Finished inserting GCF_041956365.1
2025-12-09 05:46:14,205 [INFO] Finished inserting GCF_021391335.1
2025-12-09 05:46:14,791 [INFO] Finished inserting GCF_032925565.1
2025-12-09 05:46:15,695 [INFO] Finished inserting GCF_013822785.1
2025-12-09 05:46:16,300 [INFO] Finished inserting GCF_025758205.1
2025-12-09 05:46:16,651 [INFO] Finished inserting GCF_042608395.1
2025-12-09 05:46:17,378 [INFO] Finished inserting GCF_000525615.2
2025-12-09 05:46:17,807 [INFO] Finished inserting GCF_022811525.1
2025-12-09 05:46:18,438 [INFO] Finished inserting GCF_042434905.1
2025-12-09 05:46:19,111 [INFO] Finished inserting GCF_030122215.1
2025-12-09 05:46:19,995 [INFO] Finished inserting GCF_029542445.1
2025-12-09 05:46:20,650 [INFO] Finished inserting GCF_025725745.1
2025-12-09 05:46:21,491 [INFO] Finished inserting GCF_029690045.1
2025-12-09 05:46:22,222 [INFO] Finished inserting GCF_030995105.1
2025-12-09 05:46:22,794 [INFO] Finished inserting GCF_021561035.1
2025-12-09 05:46:23,157 [INFO] Finished inserting GCF_046097475.1
2025-12-09 05:46:23,814 [INFO] Finished inserting GCF_030064445.1
2025-12-09 05:46:24,178 [INFO] Finished inserting GCA_029320975.1
2025-12-09 05:46:24,794 [INFO] Finished inserting GCF_026723805.1
2025-12-09 05:46:25,255 [INFO] Finished inserting GCA_039237145.1
2025-12-09 05:46:26,232 [INFO] Finished inserting GCF_045037965.1
2025-12-09 05:46:27,021 [INFO] Finished inserting GCF_021278965.1
2025-12-09 05:46:27,852 [INFO] Finished inserting GCF_022811845.1
2025-12-09 05:46:29,148 [INFO] Finished inserting GCF_013414305.1
2025-12-09 05:46:29,659 [INFO] Finished inserting GCF_040833995.1
2025-12-09 05:46:30,533 [INFO] Finished inserting GCF_009857095.1
2025-12-09 05:46:31,197 [INFO] Finished inserting GCF_044054585.1
2025-12-09 05:46:31,715 [INFO] Finished inserting GCF_016925595.1
2025-12-09 05:46:32,973 [INFO] Finished inserting GCF_045291515.1
2025-12-09 05:46:33,758 [INFO] Finished inserting GCF_041956865.1
2025-12-09 05:46:34,242 [INFO] Finished inserting GCA_042140185.1
2025-12-09 05:46:34,431 [INFO] Finished inserting GCA_037076445.1
2025-12-09 05:46:35,641 [INFO] Finished inserting GCF_032105745.1
2025-12-09 05:46:36,237 [INFO] Finished inserting GCF_022369495.1
2025-12-09 05:46:37,374 [INFO] Finished inserting GCF_026239535.1
2025-12-09 05:46:38,657 [INFO] Finished inserting GCF_031593255.1
2025-12-09 05:46:40,137 [INFO] Finished inserting GCF_019599145.1
2025-12-09 05:46:40,772 [INFO] Finished inserting GCF_045865145.1
2025-12-09 05:46:41,038 [INFO] Finished inserting GCF_028750955.1
2025-12-09 05:46:41,305 [INFO] Finished inserting GCF_019334605.1
2025-12-09 05:46:42,090 [INFO] Finished inserting GCF_005116655.2
2025-12-09 05:46:43,235 [INFO] Finished inserting GCF_041080665.1
2025-12-09 05:46:43,871 [INFO] Finished inserting GCF_003994575.1
2025-12-09 05:46:44,275 [INFO] Finished inserting GCF_009671065.1
2025-12-09 05:46:44,886 [INFO] Finished inserting GCF_020428325.2
2025-12-09 05:46:45,666 [INFO] Finished inserting GCF_030435705.1
2025-12-09 05:46:46,896 [INFO] Finished inserting GCA_019316985.1
2025-12-09 05:46:47,665 [INFO] Finished inserting GCF_041729275.1
2025-12-09 05:46:48,192 [INFO] Finished inserting GCA_037236975.1
2025-12-09 05:46:49,303 [INFO] Finished inserting GCF_038452255.1
2025-12-09 05:46:50,042 [INFO] Finished inserting GCF_009667855.1
2025-12-09 05:46:51,075 [INFO] Finished inserting GCF_030518815.1
2025-12-09 05:46:52,648 [INFO] Finished inserting GCF_040961855.1
2025-12-09 05:46:53,326 [INFO] Finished inserting GCA_016699655.1
2025-12-09 05:46:54,326 [INFO] Finished inserting GCF_009789675.1
2025-12-09 05:46:54,890 [INFO] Finished inserting GCF_030067755.1
2025-12-09 05:46:55,271 [INFO] Finished inserting GCF_044595635.1
2025-12-09 05:46:55,791 [INFO] Finished inserting GCF_024362265.1
2025-12-09 05:46:56,030 [INFO] Finished inserting GCF_021378375.1
2025-12-09 05:46:57,363 [INFO] Finished inserting GCF_032917945.1
2025-12-09 05:46:57,765 [INFO] Finished inserting GCA_042140085.1
2025-12-09 05:46:58,361 [INFO] Finished inserting GCF_030291075.1
2025-12-09 05:46:59,619 [INFO] Finished inserting GCF_028198125.1
2025-12-09 05:46:59,949 [INFO] Finished inserting GCF_040801805.1
2025-12-09 05:47:00,802 [INFO] Finished inserting GCF_023824055.1
2025-12-09 05:47:01,617 [INFO] Finished inserting GCF_022832735.1
2025-12-09 05:47:02,154 [INFO] Finished inserting GCF_030297095.1
2025-12-09 05:47:02,813 [INFO] Finished inserting GCF_017570045.1
2025-12-09 05:47:03,231 [INFO] Finished inserting GCF_039955025.1
2025-12-09 05:47:04,948 [INFO] SLURM_ARRAY_TASK_ID: 3
2025-12-09 05:47:04,948 [INFO] SLURM_ARRAY_TASK_COUNT: 5
2025-12-09 05:47:21,778 [INFO] SLURM_ARRAY_TASK_ID: 3
2025-12-09 05:47:21,778 [INFO] SLURM_ARRAY_TASK_COUNT: 5
