2025-12-09 05:43:07,337 [INFO] SLURM_ARRAY_TASK_ID: 2
2025-12-09 05:43:07,337 [INFO] SLURM_ARRAY_TASK_COUNT: 5
2025-12-09 05:43:16,780 [INFO] Total number of assemblies: 1958
2025-12-09 05:43:17,564 [INFO] Finished inserting GCF_044499405.1
2025-12-09 05:43:17,985 [INFO] Finished inserting GCF_030503875.2
2025-12-09 05:43:18,576 [INFO] Finished inserting GCF_022344005.1
2025-12-09 05:43:19,721 [INFO] Finished inserting GCF_029215895.1
2025-12-09 05:43:20,336 [INFO] Finished inserting GCF_026104355.1
2025-12-09 05:43:20,999 [INFO] Finished inserting GCA_035238425.1
2025-12-09 05:43:21,537 [INFO] Finished inserting GCF_019891395.1
2025-12-09 05:43:22,238 [INFO] Finished inserting GCF_023375565.1
2025-12-09 05:43:22,591 [INFO] Finished inserting GCA_043838375.1
2025-12-09 05:43:22,751 [INFO] Finished inserting GCA_016700095.1
2025-12-09 05:43:23,773 [INFO] Finished inserting GCF_011604505.1
2025-12-09 05:43:24,333 [INFO] Finished inserting GCA_040084665.1
2025-12-09 05:43:24,741 [INFO] Finished inserting GCF_045061065.1
2025-12-09 05:43:25,751 [INFO] Finished inserting GCF_035658475.1
2025-12-09 05:43:26,269 [INFO] Finished inserting GCF_030388325.1
2025-12-09 05:43:26,886 [INFO] Finished inserting GCA_040822005.1
2025-12-09 05:43:27,601 [INFO] Finished inserting GCA_023612115.1
2025-12-09 05:43:28,637 [INFO] Finished inserting GCF_045690365.1
2025-12-09 05:43:28,962 [INFO] Finished inserting GCF_022936085.1
2025-12-09 05:43:29,610 [INFO] Finished inserting GCF_036894365.1
2025-12-09 05:43:30,378 [INFO] Finished inserting GCF_030123105.1
2025-12-09 05:43:31,765 [INFO] Finished inserting GCF_030264295.1
2025-12-09 05:43:32,351 [INFO] Finished inserting GCF_044500595.1
2025-12-09 05:43:32,981 [INFO] Finished inserting GCF_022317005.1
2025-12-09 05:43:33,408 [INFO] Finished inserting GCF_004785625.2
2025-12-09 05:43:33,960 [INFO] Finished inserting GCF_029869925.1
2025-12-09 05:43:34,377 [INFO] Finished inserting GCF_022429645.1
2025-12-09 05:43:34,958 [INFO] Finished inserting GCF_038442735.1
2025-12-09 05:43:35,543 [INFO] Finished inserting GCF_963853665.1
2025-12-09 05:43:36,085 [INFO] Finished inserting GCF_022591595.1
2025-12-09 05:43:36,507 [INFO] Finished inserting GCF_022370455.1
2025-12-09 05:43:36,922 [INFO] Finished inserting GCF_045002895.1
2025-12-09 05:43:37,544 [INFO] Finished inserting GCF_014596895.2
2025-12-09 05:43:38,229 [INFO] Finished inserting GCF_040058975.1
2025-12-09 05:43:39,176 [INFO] Finished inserting GCF_020405165.1
2025-12-09 05:43:40,478 [INFO] Finished inserting GCF_022385335.1
2025-12-09 05:43:41,113 [INFO] Finished inserting GCA_042140115.1
2025-12-09 05:43:41,264 [INFO] Finished inserting GCA_016699245.1
2025-12-09 05:43:41,663 [INFO] Finished inserting GCF_030012905.1
2025-12-09 05:43:41,912 [INFO] Finished inserting GCF_000708635.2
2025-12-09 05:43:42,743 [INFO] Finished inserting GCF_045348645.1
2025-12-09 05:43:43,052 [INFO] Finished inserting GCF_022870965.1
2025-12-09 05:43:43,858 [INFO] Finished inserting GCF_030123505.1
2025-12-09 05:43:44,663 [INFO] Finished inserting GCF_024123875.1
2025-12-09 05:43:45,277 [INFO] Finished inserting GCF_019222725.1
2025-12-09 05:43:46,105 [INFO] Finished inserting GCF_029906565.1
2025-12-09 05:43:46,491 [INFO] Finished inserting GCF_016455205.1
2025-12-09 05:43:46,845 [INFO] Finished inserting GCF_044501775.1
2025-12-09 05:43:47,495 [INFO] Finished inserting GCF_021398955.1
2025-12-09 05:43:47,965 [INFO] Finished inserting GCF_042140175.1
2025-12-09 05:43:48,433 [INFO] Finished inserting GCF_016919545.1
2025-12-09 05:43:48,712 [INFO] Finished inserting GCF_043161975.1
2025-12-09 05:43:48,988 [INFO] Finished inserting GCF_016458825.1
2025-12-09 05:43:49,484 [INFO] Finished inserting GCF_030295425.1
2025-12-09 05:43:50,256 [INFO] Finished inserting GCF_040499845.1
2025-12-09 05:43:50,895 [INFO] Finished inserting GCF_037126175.1
2025-12-09 05:43:51,948 [INFO] Finished inserting GCA_034636615.1
2025-12-09 05:43:52,262 [INFO] Finished inserting GCA_014467095.1
2025-12-09 05:43:52,983 [INFO] Finished inserting GCF_045159825.1
2025-12-09 05:43:53,710 [INFO] Finished inserting GCF_026898155.1
2025-12-09 05:43:54,264 [INFO] Finished inserting GCF_031954525.1
2025-12-09 05:43:55,306 [INFO] Finished inserting GCF_042751225.1
2025-12-09 05:43:55,743 [INFO] Finished inserting GCF_021513195.1
2025-12-09 05:43:56,213 [INFO] Finished inserting GCA_028370155.1
2025-12-09 05:43:56,683 [INFO] Finished inserting GCF_034347385.1
2025-12-09 05:43:57,577 [INFO] Finished inserting GCA_004295565.1
2025-12-09 05:43:58,349 [INFO] Finished inserting GCF_045013505.1
2025-12-09 05:43:58,638 [INFO] Finished inserting GCF_041897555.1
2025-12-09 05:43:59,718 [INFO] Finished inserting GCF_016772475.1
2025-12-09 05:44:00,239 [INFO] Finished inserting GCF_021582895.2
2025-12-09 05:44:00,965 [INFO] Finished inserting GCF_025452215.1
2025-12-09 05:44:01,641 [INFO] Finished inserting GCF_023277945.1
2025-12-09 05:44:02,119 [INFO] Finished inserting GCF_039556175.1
2025-12-09 05:44:02,383 [INFO] Finished inserting GCF_021957045.1
2025-12-09 05:44:02,624 [INFO] Finished inserting GCF_023614525.1
2025-12-09 05:44:03,109 [INFO] Finished inserting GCF_033193315.1
2025-12-09 05:44:03,378 [INFO] Finished inserting GCF_020883435.1
2025-12-09 05:44:04,096 [INFO] Finished inserting GCF_040438935.1
2025-12-09 05:44:04,824 [INFO] Finished inserting GCF_020616615.1
2025-12-09 05:44:05,422 [INFO] Finished inserting GCF_041504345.1
2025-12-09 05:44:05,789 [INFO] Finished inserting GCF_030296675.1
2025-12-09 05:44:06,330 [INFO] Finished inserting GCF_019884785.1
2025-12-09 05:44:06,590 [INFO] Finished inserting GCF_021432185.1
2025-12-09 05:44:07,620 [INFO] Finished inserting GCF_045070545.1
2025-12-09 05:44:07,851 [INFO] Finished inserting GCF_040790705.1
2025-12-09 05:44:08,630 [INFO] Finished inserting GCF_014274465.1
2025-12-09 05:44:09,326 [INFO] Finished inserting GCF_042473625.1
2025-12-09 05:44:10,182 [INFO] Finished inserting GCF_042019905.1
2025-12-09 05:44:10,948 [INFO] Finished inserting GCF_041154595.1
2025-12-09 05:44:11,524 [INFO] Finished inserting GCF_038443705.2
2025-12-09 05:44:12,663 [INFO] Finished inserting GCF_027625935.1
2025-12-09 05:44:13,158 [INFO] Finished inserting GCF_037023735.1
2025-12-09 05:44:13,764 [INFO] Finished inserting GCF_014189505.1
2025-12-09 05:44:14,157 [INFO] Finished inserting GCF_042434915.1
2025-12-09 05:44:14,819 [INFO] Finished inserting GCF_035610385.1
2025-12-09 05:44:15,211 [INFO] Finished inserting GCF_022809755.1
2025-12-09 05:44:15,865 [INFO] Finished inserting GCF_036865535.1
2025-12-09 05:44:16,348 [INFO] Finished inserting GCF_029639405.1
2025-12-09 05:44:17,059 [INFO] Finished inserting GCF_028010285.1
2025-12-09 05:44:17,745 [INFO] Finished inserting GCF_045586155.1
2025-12-09 05:44:18,101 [INFO] Finished inserting GCF_000466925.3
2025-12-09 05:44:18,859 [INFO] Finished inserting GCA_023374955.1
2025-12-09 05:44:19,965 [INFO] Finished inserting GCF_037071415.1
2025-12-09 05:44:20,587 [INFO] Finished inserting GCF_000807775.2
2025-12-09 05:44:21,076 [INFO] Finished inserting GCF_024703955.2
2025-12-09 05:44:21,851 [INFO] Finished inserting GCF_029625495.1
2025-12-09 05:44:22,399 [INFO] Finished inserting GCF_026014005.1
2025-12-09 05:44:22,872 [INFO] Finished inserting GCF_028622835.1
2025-12-09 05:44:23,451 [INFO] Finished inserting GCA_029961725.1
2025-12-09 05:44:24,332 [INFO] Finished inserting GCF_022385315.1
2025-12-09 05:44:24,853 [INFO] Finished inserting GCF_032773895.1
2025-12-09 05:44:25,249 [INFO] Finished inserting GCF_044596715.1
2025-12-09 05:44:25,551 [INFO] Finished inserting GCF_029492705.2
2025-12-09 05:44:26,270 [INFO] Finished inserting GCF_015910325.1
2025-12-09 05:44:26,591 [INFO] Finished inserting GCF_003008475.2
2025-12-09 05:44:27,187 [INFO] Finished inserting GCF_045712965.1
2025-12-09 05:44:27,709 [INFO] Finished inserting GCF_033194995.1
2025-12-09 05:44:28,129 [INFO] Finished inserting GCF_037913045.1
2025-12-09 05:44:28,424 [INFO] Finished inserting GCA_017134815.1
2025-12-09 05:44:29,024 [INFO] Finished inserting GCF_026104315.1
2025-12-09 05:44:29,953 [INFO] Finished inserting GCF_045571485.1
2025-12-09 05:44:30,266 [INFO] Finished inserting GCF_042492175.1
2025-12-09 05:44:31,513 [INFO] Finished inserting GCF_041080655.1
2025-12-09 05:44:32,129 [INFO] Finished inserting GCF_011046535.1
2025-12-09 05:44:32,725 [INFO] Finished inserting GCF_026278345.1
2025-12-09 05:44:33,400 [INFO] Finished inserting GCF_034353045.1
2025-12-09 05:44:33,722 [INFO] Finished inserting GCF_013394385.1
2025-12-09 05:44:34,207 [INFO] Finished inserting GCF_014400405.1
2025-12-09 05:44:34,557 [INFO] Finished inserting GCF_030406725.1
2025-12-09 05:44:35,399 [INFO] Finished inserting GCF_029536165.1
2025-12-09 05:44:35,959 [INFO] Finished inserting GCA_042847045.1
2025-12-09 05:44:36,711 [INFO] Finished inserting GCF_042701485.1
2025-12-09 05:44:37,416 [INFO] Finished inserting GCF_020149545.1
2025-12-09 05:44:37,688 [INFO] Finished inserting GCF_029542645.1
2025-12-09 05:44:38,063 [INFO] Finished inserting GCF_044594915.1
2025-12-09 05:44:38,521 [INFO] Finished inserting GCF_032923285.1
2025-12-09 05:44:39,058 [INFO] Finished inserting GCF_019774515.1
2025-12-09 05:44:39,631 [INFO] Finished inserting GCF_030291115.1
2025-12-09 05:44:40,305 [INFO] Finished inserting GCF_026109755.1
2025-12-09 05:44:40,705 [INFO] Finished inserting GCF_026013725.1
2025-12-09 05:44:40,931 [INFO] Finished inserting GCF_030250365.2
2025-12-09 05:44:41,431 [INFO] Finished inserting GCF_030582015.1
2025-12-09 05:44:42,112 [INFO] Finished inserting GCF_031199375.1
2025-12-09 05:44:42,678 [INFO] Finished inserting GCF_032922745.1
2025-12-09 05:44:43,299 [INFO] Finished inserting GCF_029320955.1
2025-12-09 05:44:43,484 [INFO] Finished inserting GCF_013458815.1
2025-12-09 05:44:43,908 [INFO] Finished inserting GCF_030020345.1
2025-12-09 05:44:44,378 [INFO] Finished inserting GCF_024296865.1
2025-12-09 05:44:45,216 [INFO] Finished inserting GCF_023823915.1
2025-12-09 05:44:45,603 [INFO] Finished inserting GCF_964065165.1
2025-12-09 05:44:46,632 [INFO] Finished inserting GCF_033406955.1
2025-12-09 05:44:47,224 [INFO] Finished inserting GCA_022569735.1
2025-12-09 05:44:47,883 [INFO] Finished inserting GCF_023823895.1
2025-12-09 05:44:48,484 [INFO] Finished inserting GCF_034377145.1
2025-12-09 05:44:49,156 [INFO] Finished inserting GCF_030062435.1
2025-12-09 05:44:50,237 [INFO] Finished inserting GCF_033097305.1
2025-12-09 05:44:50,764 [INFO] Finished inserting GCF_040276445.1
2025-12-09 05:44:51,268 [INFO] Finished inserting GCA_009797605.1
2025-12-09 05:44:51,669 [INFO] Finished inserting GCF_044053135.1
2025-12-09 05:44:52,471 [INFO] Finished inserting GCF_030169265.1
2025-12-09 05:44:53,083 [INFO] Finished inserting GCF_021496925.1
2025-12-09 05:44:54,104 [INFO] Finished inserting GCA_024703915.1
2025-12-09 05:44:54,840 [INFO] Finished inserting GCF_023823855.1
2025-12-09 05:44:55,581 [INFO] Finished inserting GCF_024362245.1
2025-12-09 05:44:56,176 [INFO] Finished inserting GCF_036866135.1
2025-12-09 05:44:57,106 [INFO] Finished inserting GCA_043231255.1
2025-12-09 05:44:57,240 [INFO] Finished inserting GCF_045006005.1
2025-12-09 05:44:57,710 [INFO] Finished inserting GCF_030505395.1
2025-12-09 05:44:58,336 [INFO] Finished inserting GCF_040256395.1
2025-12-09 05:44:58,824 [INFO] Finished inserting GCA_045287315.1
2025-12-09 05:44:59,650 [INFO] Finished inserting GCA_036584005.1
2025-12-09 05:45:00,251 [INFO] Finished inserting GCF_016743815.1
2025-12-09 05:45:01,135 [INFO] Finished inserting GCF_011046735.1
2025-12-09 05:45:01,655 [INFO] Finished inserting GCF_009739515.1
2025-12-09 05:45:02,447 [INFO] Finished inserting GCF_030323285.1
2025-12-09 05:45:03,077 [INFO] Finished inserting GCF_018388785.1
2025-12-09 05:45:03,710 [INFO] Finished inserting GCF_019048865.1
2025-12-09 05:45:04,575 [INFO] Finished inserting GCF_046058935.1
2025-12-09 05:45:04,841 [INFO] Finished inserting GCF_043161955.1
2025-12-09 05:45:05,283 [INFO] Finished inserting GCF_003244395.3
2025-12-09 05:45:05,692 [INFO] Finished inserting GCF_041429785.1
2025-12-09 05:45:06,380 [INFO] Finished inserting GCF_040932595.1
2025-12-09 05:45:06,996 [INFO] Finished inserting GCA_044501205.1
2025-12-09 05:45:07,610 [INFO] Finished inserting GCF_014946775.2
2025-12-09 05:45:08,172 [INFO] Finished inserting GCF_040616485.1
2025-12-09 05:45:08,582 [INFO] Finished inserting GCF_036322665.1
2025-12-09 05:45:08,937 [INFO] Finished inserting GCF_040969805.1
2025-12-09 05:45:09,481 [INFO] Finished inserting GCF_025258785.1
2025-12-09 05:45:10,126 [INFO] Finished inserting GCF_026248825.1
2025-12-09 05:45:10,778 [INFO] Finished inserting GCA_029906525.1
2025-12-09 05:45:11,511 [INFO] Finished inserting GCF_024494485.1
2025-12-09 05:45:12,073 [INFO] Finished inserting GCF_038098645.1
2025-12-09 05:45:12,690 [INFO] Finished inserting GCF_027941955.1
2025-12-09 05:45:13,292 [INFO] Finished inserting GCF_024494525.1
2025-12-09 05:45:13,922 [INFO] Finished inserting GCF_044501175.1
2025-12-09 05:45:14,540 [INFO] Finished inserting GCF_021535135.1
2025-12-09 05:45:15,162 [INFO] Finished inserting GCF_045257735.1
2025-12-09 05:45:15,896 [INFO] Finished inserting GCA_035203565.1
2025-12-09 05:45:16,353 [INFO] Finished inserting GCF_011046485.1
2025-12-09 05:45:17,439 [INFO] Finished inserting GCF_037055355.1
2025-12-09 05:45:18,168 [INFO] Finished inserting GCA_030020925.1
2025-12-09 05:45:18,834 [INFO] Finished inserting GCF_014854835.1
2025-12-09 05:45:19,444 [INFO] Finished inserting GCF_041876315.1
2025-12-09 05:45:19,829 [INFO] Finished inserting GCF_041429775.1
2025-12-09 05:45:20,531 [INFO] Finished inserting GCF_024971915.1
2025-12-09 05:45:21,233 [INFO] Finished inserting GCA_030012805.1
2025-12-09 05:45:21,873 [INFO] Finished inserting GCA_030144795.1
2025-12-09 05:45:22,340 [INFO] Finished inserting GCF_014680125.1
2025-12-09 05:45:22,673 [INFO] Finished inserting GCF_005601135.1
2025-12-09 05:45:23,304 [INFO] Finished inserting GCF_021462285.1
2025-12-09 05:45:24,351 [INFO] Finished inserting GCF_016413685.1
2025-12-09 05:45:25,005 [INFO] Finished inserting GCF_009429025.1
2025-12-09 05:45:25,552 [INFO] Finished inserting GCF_031582865.1
2025-12-09 05:45:25,986 [INFO] Finished inserting GCF_964062525.1
2025-12-09 05:45:26,664 [INFO] Finished inserting GCF_027947515.1
2025-12-09 05:45:27,157 [INFO] Finished inserting GCF_042688525.2
2025-12-09 05:45:27,940 [INFO] Finished inserting GCF_024703895.1
2025-12-09 05:45:28,437 [INFO] Finished inserting GCA_030644725.1
2025-12-09 05:45:29,678 [INFO] Finished inserting GCF_040782645.1
2025-12-09 05:45:29,940 [INFO] Finished inserting GCA_041937435.1
2025-12-09 05:45:30,461 [INFO] Finished inserting GCA_016700155.1
2025-12-09 05:45:31,137 [INFO] Finished inserting GCF_039620435.1
2025-12-09 05:45:31,641 [INFO] Finished inserting GCF_020809405.1
2025-12-09 05:45:32,660 [INFO] Finished inserting GCF_045571415.1
2025-12-09 05:45:33,586 [INFO] Finished inserting GCF_026802195.1
2025-12-09 05:45:34,275 [INFO] Finished inserting GCF_040930405.1
2025-12-09 05:45:34,839 [INFO] Finished inserting GCF_029536875.1
2025-12-09 05:45:35,561 [INFO] Finished inserting GCF_021869625.1
2025-12-09 05:45:36,170 [INFO] Finished inserting GCF_014490665.1
2025-12-09 05:45:36,557 [INFO] Finished inserting GCF_044501765.1
2025-12-09 05:45:36,963 [INFO] Finished inserting GCF_041429795.1
2025-12-09 05:45:37,453 [INFO] Finished inserting GCF_033558715.1
2025-12-09 05:45:37,800 [INFO] Finished inserting GCF_964060345.1
2025-12-09 05:45:38,264 [INFO] Finished inserting GCF_042493225.1
2025-12-09 05:45:38,541 [INFO] Finished inserting GCA_018398995.1
2025-12-09 05:45:39,730 [INFO] Finished inserting GCF_045865985.1
2025-12-09 05:45:40,713 [INFO] Finished inserting GCF_045278815.1
2025-12-09 05:45:41,592 [INFO] Finished inserting GCF_947090765.1
2025-12-09 05:45:42,101 [INFO] Finished inserting GCA_016350165.1
2025-12-09 05:45:42,569 [INFO] Finished inserting GCF_030291135.1
2025-12-09 05:45:43,131 [INFO] Finished inserting GCF_026625145.1
2025-12-09 05:45:43,781 [INFO] Finished inserting GCF_042140275.1
2025-12-09 05:45:44,519 [INFO] Finished inserting GCF_023824015.1
2025-12-09 05:45:45,233 [INFO] Finished inserting GCF_041276585.2
2025-12-09 05:45:45,967 [INFO] Finished inserting GCF_030122415.1
2025-12-09 05:45:46,535 [INFO] Finished inserting GCF_002499975.2
2025-12-09 05:45:47,610 [INFO] Finished inserting GCF_014495705.1
2025-12-09 05:45:48,164 [INFO] Finished inserting GCF_030913635.1
2025-12-09 05:45:48,667 [INFO] Finished inserting GCF_029909775.1
2025-12-09 05:45:49,169 [INFO] Finished inserting GCF_030505335.1
2025-12-09 05:45:50,139 [INFO] Finished inserting GCA_040783425.1
2025-12-09 05:45:50,933 [INFO] Finished inserting GCF_041870065.1
2025-12-09 05:45:51,563 [INFO] Finished inserting GCF_034347425.1
2025-12-09 05:45:52,061 [INFO] Finished inserting GCF_024362185.1
2025-12-09 05:45:52,611 [INFO] Finished inserting GCF_024362305.1
2025-12-09 05:45:53,326 [INFO] Finished inserting GCF_030915405.1
2025-12-09 05:45:53,782 [INFO] Finished inserting GCF_040833955.1
2025-12-09 05:45:54,462 [INFO] Finished inserting GCF_030718915.1
2025-12-09 05:45:55,402 [INFO] Finished inserting GCF_014189415.1
2025-12-09 05:45:55,763 [INFO] Finished inserting GCF_028622815.1
2025-12-09 05:45:56,386 [INFO] Finished inserting GCA_042701975.1
2025-12-09 05:45:57,011 [INFO] Finished inserting GCF_038449125.1
2025-12-09 05:45:57,476 [INFO] Finished inserting GCF_964069135.1
2025-12-09 05:45:58,129 [INFO] Finished inserting GCF_016657085.1
2025-12-09 05:45:58,667 [INFO] Finished inserting GCA_027920565.1
2025-12-09 05:45:59,384 [INFO] Finished inserting GCF_043995075.1
2025-12-09 05:46:00,866 [INFO] Finished inserting GCA_025641845.1
2025-12-09 05:46:01,459 [INFO] Finished inserting GCF_030166455.1
2025-12-09 05:46:02,084 [INFO] Finished inserting GCF_024758025.1
2025-12-09 05:46:02,742 [INFO] Finished inserting GCF_021166035.1
2025-12-09 05:46:03,221 [INFO] Finished inserting GCF_021398715.1
2025-12-09 05:46:03,660 [INFO] Finished inserting GCF_014170115.1
2025-12-09 05:46:04,258 [INFO] Finished inserting GCF_020524205.2
2025-12-09 05:46:05,012 [INFO] Finished inserting GCF_024759205.1
2025-12-09 05:46:05,923 [INFO] Finished inserting GCF_036894235.1
2025-12-09 05:46:06,667 [INFO] Finished inserting GCF_036865115.1
2025-12-09 05:46:07,159 [INFO] Finished inserting GCF_043161945.1
2025-12-09 05:46:07,813 [INFO] Finished inserting GCF_040448525.1
2025-12-09 05:46:08,676 [INFO] Finished inserting GCF_019581175.1
2025-12-09 05:46:09,219 [INFO] Finished inserting GCA_016699675.1
2025-12-09 05:46:09,641 [INFO] Finished inserting GCF_003008415.2
2025-12-09 05:46:10,054 [INFO] Finished inserting GCF_045862805.1
2025-12-09 05:46:10,688 [INFO] Finished inserting GCF_018449005.1
2025-12-09 05:46:11,173 [INFO] Finished inserting GCF_017579825.1
2025-12-09 05:46:12,036 [INFO] Finished inserting GCF_029962285.1
2025-12-09 05:46:12,578 [INFO] Finished inserting GCF_030450055.1
2025-12-09 05:46:13,250 [INFO] Finished inserting GCF_041956815.1
2025-12-09 05:46:13,948 [INFO] Finished inserting GCF_000452825.2
2025-12-09 05:46:14,461 [INFO] Finished inserting GCF_040833985.1
2025-12-09 05:46:15,795 [INFO] Finished inserting GCF_037993025.1
2025-12-09 05:46:16,989 [INFO] Finished inserting GCF_032612255.1
2025-12-09 05:46:17,642 [INFO] Finished inserting GCF_030219925.1
2025-12-09 05:46:18,079 [INFO] Finished inserting GCF_030732185.1
2025-12-09 05:46:18,817 [INFO] Finished inserting GCF_030931015.1
2025-12-09 05:46:20,081 [INFO] Finished inserting GCF_044501195.1
2025-12-09 05:46:21,317 [INFO] Finished inserting GCF_045571445.1
2025-12-09 05:46:21,817 [INFO] Finished inserting GCF_046254905.1
2025-12-09 05:46:22,586 [INFO] Finished inserting GCF_027571385.1
2025-12-09 05:46:23,655 [INFO] Finished inserting GCF_022354505.1
2025-12-09 05:46:25,225 [INFO] Finished inserting GCA_012275145.2
2025-12-09 05:46:25,740 [INFO] Finished inserting GCF_025639805.1
2025-12-09 05:46:26,095 [INFO] Finished inserting GCF_028870515.1
2025-12-09 05:46:26,440 [INFO] Finished inserting GCA_016699735.1
2025-12-09 05:46:26,820 [INFO] Finished inserting GCF_023525255.1
2025-12-09 05:46:27,488 [INFO] Finished inserting GCF_014171475.1
2025-12-09 05:46:27,996 [INFO] Finished inserting GCF_040784005.1
2025-12-09 05:46:28,545 [INFO] Finished inserting GCF_006542605.1
2025-12-09 05:46:29,082 [INFO] Finished inserting GCF_003721155.3
2025-12-09 05:46:29,819 [INFO] Finished inserting GCF_030389965.1
2025-12-09 05:46:30,473 [INFO] Finished inserting GCF_030263935.1
2025-12-09 05:46:30,910 [INFO] Finished inserting GCF_045345115.1
2025-12-09 05:46:31,825 [INFO] Finished inserting GCF_044029435.1
2025-12-09 05:46:32,368 [INFO] Finished inserting GCF_019797765.1
2025-12-09 05:46:33,278 [INFO] Finished inserting GCF_029215855.1
2025-12-09 05:46:33,943 [INFO] Finished inserting GCA_029168575.1
2025-12-09 05:46:34,345 [INFO] Finished inserting GCF_000144955.2
2025-12-09 05:46:35,100 [INFO] Finished inserting GCF_044501755.1
2025-12-09 05:46:35,772 [INFO] Finished inserting GCF_014596715.2
2025-12-09 05:46:36,376 [INFO] Finished inserting GCF_040267695.1
2025-12-09 05:46:37,103 [INFO] Finished inserting GCF_013256255.1
2025-12-09 05:46:37,469 [INFO] Finished inserting GCF_030252165.1
2025-12-09 05:46:37,992 [INFO] Finished inserting GCF_040783975.1
2025-12-09 05:46:38,359 [INFO] Finished inserting GCF_029910535.1
2025-12-09 05:46:38,979 [INFO] Finished inserting GCF_014297575.1
2025-12-09 05:46:39,810 [INFO] Finished inserting GCF_030323065.1
2025-12-09 05:46:40,376 [INFO] Finished inserting GCF_030011555.1
2025-12-09 05:46:41,696 [INFO] Finished inserting GCF_041346965.1
2025-12-09 05:46:42,253 [INFO] Finished inserting GCF_009810215.1
2025-12-09 05:46:42,770 [INFO] Finished inserting GCF_019334405.1
2025-12-09 05:46:43,989 [INFO] Finished inserting GCA_043099345.1
2025-12-09 05:46:44,336 [INFO] Finished inserting GCF_041410355.1
2025-12-09 05:46:45,166 [INFO] Finished inserting GCF_014171595.1
2025-12-09 05:46:45,960 [INFO] Finished inserting GCA_041002895.1
2025-12-09 05:46:46,550 [INFO] Finished inserting GCF_030291055.1
2025-12-09 05:46:46,831 [INFO] Finished inserting GCF_026184355.1
2025-12-09 05:46:47,258 [INFO] Finished inserting GCF_019203185.1
2025-12-09 05:46:48,156 [INFO] Finished inserting GCF_030292205.1
2025-12-09 05:46:49,158 [INFO] Finished inserting GCF_022220465.1
2025-12-09 05:46:49,763 [INFO] Finished inserting GCF_000468575.2
2025-12-09 05:46:50,525 [INFO] Finished inserting GCA_041475615.1
2025-12-09 05:46:50,874 [INFO] Finished inserting GCF_044596335.1
2025-12-09 05:46:51,936 [INFO] Finished inserting GCF_032918005.1
2025-12-09 05:46:52,450 [INFO] Finished inserting GCF_025643395.1
2025-12-09 05:46:53,013 [INFO] Finished inserting GCF_041956835.1
2025-12-09 05:46:53,576 [INFO] Finished inserting GCF_030913365.1
2025-12-09 05:46:54,381 [INFO] Finished inserting GCF_034043515.1
2025-12-09 05:46:55,114 [INFO] Finished inserting GCF_020151015.1
2025-12-09 05:46:55,563 [INFO] Finished inserting GCF_009017395.1
2025-12-09 05:46:56,068 [INFO] Finished inserting GCF_044597725.1
2025-12-09 05:46:56,717 [INFO] Finished inserting GCF_041117435.1
2025-12-09 05:46:57,430 [INFO] Finished inserting GCF_041941495.1
2025-12-09 05:46:58,296 [INFO] Finished inserting GCF_028421645.1
2025-12-09 05:46:59,051 [INFO] Finished inserting GCF_028752395.1
2025-12-09 05:46:59,712 [INFO] Finished inserting GCA_010451275.2
2025-12-09 05:47:00,266 [INFO] Finished inserting GCF_032922545.1
2025-12-09 05:47:01,478 [INFO] Finished inserting GCF_014189455.1
2025-12-09 05:47:02,263 [INFO] Finished inserting GCF_044055385.1
2025-12-09 05:47:02,658 [INFO] Finished inserting GCF_036417395.1
2025-12-09 05:47:03,324 [INFO] Finished inserting GCF_030710645.1
2025-12-09 05:47:03,992 [INFO] Finished inserting GCA_024397275.1
2025-12-09 05:47:04,556 [INFO] Finished inserting GCF_032075085.1
2025-12-09 05:47:05,138 [INFO] Finished inserting GCF_022870365.1
2025-12-09 05:47:05,607 [INFO] Finished inserting GCF_919654025.1
2025-12-09 05:47:06,034 [INFO] Finished inserting GCF_013348725.1
2025-12-09 05:47:06,846 [INFO] Finished inserting GCF_030292155.1
2025-12-09 05:47:07,701 [INFO] Finished inserting GCF_016894305.1
2025-12-09 05:47:08,076 [INFO] Finished inserting GCF_030296915.1
2025-12-09 05:47:09,658 [INFO] Finished inserting GCF_046267975.1
2025-12-09 05:47:10,946 [INFO] Finished inserting GCF_036287475.1
2025-12-09 05:47:11,629 [INFO] Finished inserting GCF_029866885.1
2025-12-09 05:47:12,474 [INFO] Finished inserting GCF_030167055.1
2025-12-09 05:47:13,542 [INFO] Finished inserting GCF_033109485.1
2025-12-09 05:47:13,884 [INFO] Finished inserting GCF_031297465.1
2025-12-09 05:47:14,258 [INFO] Finished inserting GCF_024205305.1
2025-12-09 05:47:14,791 [INFO] Finished inserting GCF_027558275.1
2025-12-09 05:47:15,967 [INFO] Finished inserting GCF_032918025.1
2025-12-09 05:47:16,321 [INFO] Finished inserting GCA_016700335.1
2025-12-09 05:47:16,686 [INFO] Finished inserting GCF_027941755.1
2025-12-09 05:47:16,905 [INFO] Finished inserting GCF_035066585.1
2025-12-09 05:47:17,796 [INFO] Finished inserting GCF_023515955.1
2025-12-09 05:47:18,196 [INFO] Finished inserting GCF_011765465.1
2025-12-09 05:47:18,738 [INFO] Finished inserting GCF_038630775.1
2025-12-09 05:47:19,039 [INFO] Finished inserting GCF_022213385.1
2025-12-09 05:47:19,973 [INFO] Finished inserting GCF_006094295.1
2025-12-09 05:47:21,402 [INFO] Finished inserting GCF_041080625.1
2025-12-09 05:47:22,120 [INFO] Finished inserting GCF_019968825.1
2025-12-09 05:47:22,508 [INFO] Finished inserting GCA_016699715.1
2025-12-09 05:47:22,997 [INFO] Finished inserting GCF_964063425.1
2025-12-09 05:47:23,840 [INFO] Finished inserting GCF_040409955.1
2025-12-09 05:47:24,809 [INFO] Finished inserting GCF_014117325.1
2025-12-09 05:47:25,144 [INFO] Finished inserting GCF_964065465.1
2025-12-09 05:47:25,643 [INFO] Finished inserting GCA_028865045.1
2025-12-09 05:47:27,326 [INFO] SLURM_ARRAY_TASK_ID: 2
2025-12-09 05:47:27,326 [INFO] SLURM_ARRAY_TASK_COUNT: 5
2025-12-09 05:47:39,252 [INFO] SLURM_ARRAY_TASK_ID: 2
2025-12-09 05:47:39,252 [INFO] SLURM_ARRAY_TASK_COUNT: 5
