2025-12-09 05:43:07,337 [INFO] SLURM_ARRAY_TASK_ID: 0
2025-12-09 05:43:07,337 [INFO] SLURM_ARRAY_TASK_COUNT: 5
2025-12-09 05:43:16,780 [INFO] Total number of assemblies: 1958
2025-12-09 05:43:17,418 [INFO] Finished inserting GCF_024734705.1
2025-12-09 05:43:18,087 [INFO] Finished inserting GCF_036865525.1
2025-12-09 05:43:18,742 [INFO] Finished inserting GCF_019039255.1
2025-12-09 05:43:19,386 [INFO] Finished inserting GCF_026967475.1
2025-12-09 05:43:20,085 [INFO] Finished inserting GCA_026503285.1
2025-12-09 05:43:20,585 [INFO] Finished inserting GCF_014884525.1
2025-12-09 05:43:20,957 [INFO] Finished inserting GCF_021957165.1
2025-12-09 05:43:22,106 [INFO] Finished inserting GCF_039407195.1
2025-12-09 05:43:22,410 [INFO] Finished inserting GCF_003048685.2
2025-12-09 05:43:22,829 [INFO] Finished inserting GCF_027557445.1
2025-12-09 05:43:23,647 [INFO] Finished inserting GCA_042083005.1
2025-12-09 05:43:24,188 [INFO] Finished inserting GCF_041877755.1
2025-12-09 05:43:25,317 [INFO] Finished inserting GCF_014189435.1
2025-12-09 05:43:25,664 [INFO] Finished inserting GCF_003403315.2
2025-12-09 05:43:26,090 [INFO] Finished inserting GCF_027944555.1
2025-12-09 05:43:26,931 [INFO] Finished inserting GCF_041409665.1
2025-12-09 05:43:27,910 [INFO] Finished inserting GCF_036352095.1
2025-12-09 05:43:28,344 [INFO] Finished inserting GCF_030866705.2
2025-12-09 05:43:28,575 [INFO] Finished inserting GCA_042995305.1
2025-12-09 05:43:29,046 [INFO] Finished inserting GCF_045002855.1
2025-12-09 05:43:29,657 [INFO] Finished inserting GCF_016865365.1
2025-12-09 05:43:30,523 [INFO] Finished inserting GCF_037023145.1
2025-12-09 05:43:31,071 [INFO] Finished inserting GCF_045291495.1
2025-12-09 05:43:31,590 [INFO] Finished inserting GCA_029168355.1
2025-12-09 05:43:32,162 [INFO] Finished inserting GCA_025916135.1
2025-12-09 05:43:32,538 [INFO] Finished inserting GCF_041344845.1
2025-12-09 05:43:33,181 [INFO] Finished inserting GCF_023518175.1
2025-12-09 05:43:34,021 [INFO] Finished inserting GCF_014596845.2
2025-12-09 05:43:34,636 [INFO] Finished inserting GCA_001597795.2
2025-12-09 05:43:35,283 [INFO] Finished inserting GCF_000590535.2
2025-12-09 05:43:35,962 [INFO] Finished inserting GCF_040822065.1
2025-12-09 05:43:36,767 [INFO] Finished inserting GCF_038396765.1
2025-12-09 05:43:37,095 [INFO] Finished inserting GCA_030544625.1
2025-12-09 05:43:37,728 [INFO] Finished inserting GCF_004089895.1
2025-12-09 05:43:38,480 [INFO] Finished inserting GCF_029773025.1
2025-12-09 05:43:38,933 [INFO] Finished inserting GCF_017352195.1
2025-12-09 05:43:39,904 [INFO] Finished inserting GCF_963311185.1
2025-12-09 05:43:40,729 [INFO] Finished inserting GCF_035918275.1
2025-12-09 05:43:41,581 [INFO] Finished inserting GCF_023824035.1
2025-12-09 05:43:42,046 [INFO] Finished inserting GCA_027920625.1
2025-12-09 05:43:42,845 [INFO] Finished inserting GCF_016134935.2
2025-12-09 05:43:43,561 [INFO] Finished inserting GCF_030122845.1
2025-12-09 05:43:44,192 [INFO] Finished inserting GCF_030062355.1
2025-12-09 05:43:44,335 [INFO] Finished inserting GCA_016700315.1
2025-12-09 05:43:45,156 [INFO] Finished inserting GCF_030016165.2
2025-12-09 05:43:45,535 [INFO] Finished inserting GCF_033547075.1
2025-12-09 05:43:46,262 [INFO] Finished inserting GCF_019339445.1
2025-12-09 05:43:47,325 [INFO] Finished inserting GCF_029910215.1
2025-12-09 05:43:48,238 [INFO] Finished inserting GCF_031199965.1
2025-12-09 05:43:48,757 [INFO] Finished inserting GCF_015218525.1
2025-12-09 05:43:49,893 [INFO] Finished inserting GCA_024298805.1
2025-12-09 05:43:50,200 [INFO] Finished inserting GCF_024582975.1
2025-12-09 05:43:50,557 [INFO] Finished inserting GCF_041199995.1
2025-12-09 05:43:51,162 [INFO] Finished inserting GCF_019623905.1
2025-12-09 05:43:52,001 [INFO] Finished inserting GCF_041319315.1
2025-12-09 05:43:53,043 [INFO] Finished inserting GCF_033343995.1
2025-12-09 05:43:53,422 [INFO] Finished inserting GCA_041410925.1
2025-12-09 05:43:53,942 [INFO] Finished inserting GCF_016745095.1
2025-12-09 05:43:54,721 [INFO] Finished inserting GCF_013284245.2
2025-12-09 05:43:55,662 [INFO] Finished inserting GCA_014189655.1
2025-12-09 05:43:56,312 [INFO] Finished inserting GCF_023078355.1
2025-12-09 05:43:57,032 [INFO] Finished inserting GCF_042696965.1
2025-12-09 05:43:57,814 [INFO] Finished inserting GCF_023333675.1
2025-12-09 05:43:58,539 [INFO] Finished inserting GCF_031432835.1
2025-12-09 05:43:59,599 [INFO] Finished inserting GCF_019710495.1
2025-12-09 05:43:59,992 [INFO] Finished inserting GCA_018672315.1
2025-12-09 05:44:00,455 [INFO] Finished inserting GCF_032191775.1
2025-12-09 05:44:01,745 [INFO] Finished inserting GCF_019285695.1
2025-12-09 05:44:02,176 [INFO] Finished inserting GCF_014931565.1
2025-12-09 05:44:03,340 [INFO] Finished inserting GCF_021441825.1
2025-12-09 05:44:04,195 [INFO] Finished inserting GCF_026210455.1
2025-12-09 05:44:04,652 [INFO] Finished inserting GCF_036322605.1
2025-12-09 05:44:05,265 [INFO] Finished inserting GCF_026683955.1
2025-12-09 05:44:06,133 [INFO] Finished inserting GCF_041319915.1
2025-12-09 05:44:06,949 [INFO] Finished inserting GCF_040429625.1
2025-12-09 05:44:07,730 [INFO] Finished inserting GCF_042701255.1
2025-12-09 05:44:08,177 [INFO] Finished inserting GCA_025232375.1
2025-12-09 05:44:08,684 [INFO] Finished inserting GCF_030296935.1
2025-12-09 05:44:09,023 [INFO] Finished inserting GCF_030908405.1
2025-12-09 05:44:10,009 [INFO] Finished inserting GCA_007182875.1
2025-12-09 05:44:10,654 [INFO] Finished inserting GCF_037890695.1
2025-12-09 05:44:11,381 [INFO] Finished inserting GCA_030544685.1
2025-12-09 05:44:11,949 [INFO] Finished inserting GCF_042140135.1
2025-12-09 05:44:12,273 [INFO] Finished inserting GCF_029223725.1
2025-12-09 05:44:12,693 [INFO] Finished inserting GCA_016699445.1
2025-12-09 05:44:13,433 [INFO] Finished inserting GCF_024652905.1
2025-12-09 05:44:14,091 [INFO] Finished inserting GCF_006351725.2
2025-12-09 05:44:14,548 [INFO] Finished inserting GCF_042695135.1
2025-12-09 05:44:15,651 [INFO] Finished inserting GCF_040556325.1
2025-12-09 05:44:16,071 [INFO] Finished inserting GCA_036540995.1
2025-12-09 05:44:16,398 [INFO] Finished inserting GCF_030323565.1
2025-12-09 05:44:16,714 [INFO] Finished inserting GCF_964063445.1
2025-12-09 05:44:17,191 [INFO] Finished inserting GCF_042140105.1
2025-12-09 05:44:17,591 [INFO] Finished inserting GCF_040360365.1
2025-12-09 05:44:18,536 [INFO] Finished inserting GCF_041320265.1
2025-12-09 05:44:19,337 [INFO] Finished inserting GCF_028451225.2
2025-12-09 05:44:19,912 [INFO] Finished inserting GCF_040833975.1
2025-12-09 05:44:20,772 [INFO] Finished inserting GCF_041228775.1
2025-12-09 05:44:21,586 [INFO] Finished inserting GCF_032401055.1
2025-12-09 05:44:22,200 [INFO] Finished inserting GCF_023973125.1
2025-12-09 05:44:22,716 [INFO] Finished inserting GCF_030123425.1
2025-12-09 05:44:23,301 [INFO] Finished inserting GCF_030848765.1
2025-12-09 05:44:23,572 [INFO] Finished inserting GCA_029011575.1
2025-12-09 05:44:24,277 [INFO] Finished inserting GCF_003797775.2
2025-12-09 05:44:25,208 [INFO] Finished inserting GCF_029201645.1
2025-12-09 05:44:25,782 [INFO] Finished inserting GCF_033412715.1
2025-12-09 05:44:27,032 [INFO] Finished inserting GCF_025642155.1
2025-12-09 05:44:27,465 [INFO] Finished inserting GCF_026914305.1
2025-12-09 05:44:27,581 [INFO] Finished inserting GCF_023016305.1
2025-12-09 05:44:27,907 [INFO] Finished inserting GCF_040364225.1
2025-12-09 05:44:29,086 [INFO] Finished inserting GCF_044865155.1
2025-12-09 05:44:29,561 [INFO] Finished inserting GCF_041075135.1
2025-12-09 05:44:29,995 [INFO] Finished inserting GCF_026625065.1
2025-12-09 05:44:30,547 [INFO] Finished inserting GCF_040207125.1
2025-12-09 05:44:31,458 [INFO] Finished inserting GCF_022059845.1
2025-12-09 05:44:32,277 [INFO] Finished inserting GCF_013347965.1
2025-12-09 05:44:33,073 [INFO] Finished inserting GCF_023278105.1
2025-12-09 05:44:33,659 [INFO] Finished inserting GCF_032680905.1
2025-12-09 05:44:34,161 [INFO] Finished inserting GCF_015034585.1
2025-12-09 05:44:34,935 [INFO] Finished inserting GCF_046111155.1
2025-12-09 05:44:36,146 [INFO] Finished inserting GCF_042691665.1
2025-12-09 05:44:36,532 [INFO] Finished inserting GCF_046097215.1
2025-12-09 05:44:36,957 [INFO] Finished inserting GCF_028009925.1
2025-12-09 05:44:37,841 [INFO] Finished inserting GCF_039134555.1
2025-12-09 05:44:38,416 [INFO] Finished inserting GCF_023373785.1
2025-12-09 05:44:38,940 [INFO] Finished inserting GCF_040364415.1
2025-12-09 05:44:39,392 [INFO] Finished inserting GCF_011047315.1
2025-12-09 05:44:40,072 [INFO] Finished inserting GCA_030622875.1
2025-12-09 05:44:40,988 [INFO] Finished inserting GCF_045037865.1
2025-12-09 05:44:41,559 [INFO] Finished inserting GCF_042694625.1
2025-12-09 05:44:42,059 [INFO] Finished inserting GCF_024605785.1
2025-12-09 05:44:42,317 [INFO] Finished inserting GCF_044054575.1
2025-12-09 05:44:42,921 [INFO] Finished inserting GCF_019226825.1
2025-12-09 05:44:43,373 [INFO] Finished inserting GCA_041879355.1
2025-12-09 05:44:43,948 [INFO] Finished inserting GCF_030994125.1
2025-12-09 05:44:44,767 [INFO] Finished inserting GCF_042137985.1
2025-12-09 05:44:45,050 [INFO] Finished inserting GCF_006777025.1
2025-12-09 05:44:45,565 [INFO] Finished inserting GCF_026240795.1
2025-12-09 05:44:46,150 [INFO] Finished inserting GCF_023700225.1
2025-12-09 05:44:46,799 [INFO] Finished inserting GCF_011466815.1
2025-12-09 05:44:47,439 [INFO] Finished inserting GCF_009493695.2
2025-12-09 05:44:48,662 [INFO] Finished inserting GCF_029910075.1
2025-12-09 05:44:49,216 [INFO] Finished inserting GCF_025244985.1
2025-12-09 05:44:49,771 [INFO] Finished inserting GCF_034376615.1
2025-12-09 05:44:50,047 [INFO] Finished inserting GCF_035066605.1
2025-12-09 05:44:50,990 [INFO] Finished inserting GCF_040448675.1
2025-12-09 05:44:51,511 [INFO] Finished inserting GCF_013693775.1
2025-12-09 05:44:51,694 [INFO] Finished inserting GCF_040256845.1
2025-12-09 05:44:52,274 [INFO] Finished inserting GCF_030263895.1
2025-12-09 05:44:53,309 [INFO] Finished inserting GCA_038049885.1
2025-12-09 05:44:54,500 [INFO] Finished inserting GCF_036967205.1
2025-12-09 05:44:54,910 [INFO] Finished inserting GCF_046115725.1
2025-12-09 05:44:55,247 [INFO] Finished inserting GCF_964065115.1
2025-12-09 05:44:55,990 [INFO] Finished inserting GCF_024508255.1
2025-12-09 05:44:56,613 [INFO] Finished inserting GCF_009832885.1
2025-12-09 05:44:57,284 [INFO] Finished inserting GCF_029398215.1
2025-12-09 05:44:58,136 [INFO] Finished inserting GCA_024426085.1
2025-12-09 05:44:58,614 [INFO] Finished inserting GCF_030345315.1
2025-12-09 05:44:59,549 [INFO] Finished inserting GCF_018866325.1
2025-12-09 05:45:00,322 [INFO] Finished inserting GCF_007923145.1
2025-12-09 05:45:00,914 [INFO] Finished inserting GCF_030643805.1
2025-12-09 05:45:01,330 [INFO] Finished inserting GCF_038396345.1
2025-12-09 05:45:01,771 [INFO] Finished inserting GCA_045278705.1
2025-12-09 05:45:02,236 [INFO] Finished inserting GCF_044597695.1
2025-12-09 05:45:02,810 [INFO] Finished inserting GCF_027498035.1
2025-12-09 05:45:03,616 [INFO] Finished inserting GCF_024918355.1
2025-12-09 05:45:04,641 [INFO] Finished inserting GCF_029215815.1
2025-12-09 05:45:05,647 [INFO] Finished inserting GCF_044784385.1
2025-12-09 05:45:06,316 [INFO] Finished inserting GCF_015999585.1
2025-12-09 05:45:06,939 [INFO] Finished inserting GCF_025263725.1
2025-12-09 05:45:07,548 [INFO] Finished inserting GCF_002005285.1
2025-12-09 05:45:07,716 [INFO] Finished inserting GCF_027942315.1
2025-12-09 05:45:08,243 [INFO] Finished inserting GCF_026240635.1
2025-12-09 05:45:08,781 [INFO] Finished inserting GCA_016699405.1
2025-12-09 05:45:09,055 [INFO] Finished inserting GCF_040790725.1
2025-12-09 05:45:09,426 [INFO] Finished inserting GCF_019703875.1
2025-12-09 05:45:10,322 [INFO] Finished inserting GCF_019739075.1
2025-12-09 05:45:10,962 [INFO] Finished inserting GCF_034423835.1
2025-12-09 05:45:11,565 [INFO] Finished inserting GCF_003994735.1
2025-12-09 05:45:11,788 [INFO] Finished inserting GCF_040084705.1
2025-12-09 05:45:12,004 [INFO] Finished inserting GCF_009936335.1
2025-12-09 05:45:12,639 [INFO] Finished inserting GCF_021729945.1
2025-12-09 05:45:13,376 [INFO] Finished inserting GCF_009646115.1
2025-12-09 05:45:13,611 [INFO] Finished inserting GCF_023277705.1
2025-12-09 05:45:13,972 [INFO] Finished inserting GCF_033564055.1
2025-12-09 05:45:14,592 [INFO] Finished inserting GCF_044359855.1
2025-12-09 05:45:15,073 [INFO] Finished inserting GCF_030864095.1
2025-12-09 05:45:15,250 [INFO] Finished inserting GCA_045401115.1
2025-12-09 05:45:15,623 [INFO] Finished inserting GCF_030758615.1
2025-12-09 05:45:16,314 [INFO] Finished inserting GCF_021398465.1
2025-12-09 05:45:16,876 [INFO] Finished inserting GCF_031583595.1
2025-12-09 05:45:17,306 [INFO] Finished inserting GCF_030296575.1
2025-12-09 05:45:17,841 [INFO] Finished inserting GCF_040112695.1
2025-12-09 05:45:18,615 [INFO] Finished inserting GCF_044056025.1
2025-12-09 05:45:19,140 [INFO] Finished inserting GCF_004102925.1
2025-12-09 05:45:19,905 [INFO] Finished inserting GCF_042245395.1
2025-12-09 05:45:20,769 [INFO] Finished inserting GCF_029962125.1
2025-12-09 05:45:21,388 [INFO] Finished inserting GCF_016801775.1
2025-12-09 05:45:22,078 [INFO] Finished inserting GCF_021379005.1
2025-12-09 05:45:22,901 [INFO] Finished inserting GCF_041545735.1
2025-12-09 05:45:23,532 [INFO] Finished inserting GCF_039619525.1
2025-12-09 05:45:24,747 [INFO] Finished inserting GCF_045571455.1
2025-12-09 05:45:24,878 [INFO] Finished inserting GCA_016699775.1
2025-12-09 05:45:25,459 [INFO] Finished inserting GCF_042140225.1
2025-12-09 05:45:26,022 [INFO] Finished inserting GCF_036322645.1
2025-12-09 05:45:26,794 [INFO] Finished inserting GCF_030123445.1
2025-12-09 05:45:27,263 [INFO] Finished inserting GCF_019603315.1
2025-12-09 05:45:28,001 [INFO] Finished inserting GCF_021276285.1
2025-12-09 05:45:28,688 [INFO] Finished inserting GCF_029855085.1
2025-12-09 05:45:29,136 [INFO] Finished inserting GCF_027569975.1
2025-12-09 05:45:29,743 [INFO] Finished inserting GCF_017301695.1
2025-12-09 05:45:30,356 [INFO] Finished inserting GCF_025765795.1
2025-12-09 05:45:31,189 [INFO] Finished inserting GCF_024758225.1
2025-12-09 05:45:32,040 [INFO] Finished inserting GCF_005944105.1
2025-12-09 05:45:32,419 [INFO] Finished inserting GCF_029674565.1
2025-12-09 05:45:33,024 [INFO] Finished inserting GCA_011302515.1
2025-12-09 05:45:33,443 [INFO] Finished inserting GCF_016865385.1
2025-12-09 05:45:33,898 [INFO] Finished inserting GCF_007859635.1
2025-12-09 05:45:34,180 [INFO] Finished inserting GCA_024970245.1
2025-12-09 05:45:34,681 [INFO] Finished inserting GCF_044591705.1
2025-12-09 05:45:34,871 [INFO] Finished inserting GCF_030295865.1
2025-12-09 05:45:36,033 [INFO] Finished inserting GCF_018223725.1
2025-12-09 05:45:36,912 [INFO] Finished inserting GCF_029201625.2
2025-12-09 05:45:37,700 [INFO] Finished inserting GCF_042696275.1
2025-12-09 05:45:38,917 [INFO] Finished inserting GCF_041080675.1
2025-12-09 05:45:39,457 [INFO] Finished inserting GCF_042700505.1
2025-12-09 05:45:39,957 [INFO] Finished inserting GCF_029395675.1
2025-12-09 05:45:41,122 [INFO] Finished inserting GCF_034562915.1
2025-12-09 05:45:41,799 [INFO] Finished inserting GCA_022539555.1
2025-12-09 05:45:42,495 [INFO] Finished inserting GCF_022437945.1
2025-12-09 05:45:43,080 [INFO] Finished inserting GCA_016699855.1
2025-12-09 05:45:43,817 [INFO] Finished inserting GCF_021223605.1
2025-12-09 05:45:44,567 [INFO] Finished inserting GCF_039613855.1
2025-12-09 05:45:45,396 [INFO] Finished inserting GCF_016599635.1
2025-12-09 05:45:45,841 [INFO] Finished inserting GCF_036632915.2
2025-12-09 05:45:46,428 [INFO] Finished inserting GCF_000466905.3
2025-12-09 05:45:47,565 [INFO] Finished inserting GCF_031767055.1
2025-12-09 05:45:48,130 [INFO] Finished inserting GCF_033571935.1
2025-12-09 05:45:48,802 [INFO] Finished inserting GCF_044501185.1
2025-12-09 05:45:49,074 [INFO] Finished inserting GCF_043161965.1
2025-12-09 05:45:49,613 [INFO] Finished inserting GCF_031198435.1
2025-12-09 05:45:49,982 [INFO] Finished inserting GCA_013693895.1
2025-12-09 05:45:50,881 [INFO] Finished inserting GCA_024703815.1
2025-12-09 05:45:51,524 [INFO] Finished inserting GCF_015243575.1
2025-12-09 05:45:51,870 [INFO] Finished inserting GCF_964642115.1
2025-12-09 05:45:52,839 [INFO] Finished inserting GCF_045571475.1
2025-12-09 05:45:53,277 [INFO] Finished inserting GCF_029625335.1
2025-12-09 05:45:54,057 [INFO] Finished inserting GCA_030544665.1
2025-12-09 05:45:55,258 [INFO] Finished inserting GCF_029910195.1
2025-12-09 05:45:56,047 [INFO] Finished inserting GCA_030388825.1
2025-12-09 05:45:57,181 [INFO] Finished inserting GCF_032917985.1
2025-12-09 05:45:57,440 [INFO] Finished inserting GCF_024138855.1
2025-12-09 05:45:57,794 [INFO] Finished inserting GCF_003515915.2
2025-12-09 05:45:58,544 [INFO] Finished inserting GCF_010646885.2
2025-12-09 05:45:59,527 [INFO] Finished inserting GCA_030323305.1
2025-12-09 05:45:59,930 [INFO] Finished inserting GCF_026810225.1
2025-12-09 05:46:00,240 [INFO] Finished inserting GCF_030517065.1
2025-12-09 05:46:01,003 [INFO] Finished inserting GCF_045037855.1
2025-12-09 05:46:01,683 [INFO] Finished inserting GCF_020525465.1
2025-12-09 05:46:02,030 [INFO] Finished inserting GCF_040371335.1
2025-12-09 05:46:02,573 [INFO] Finished inserting GCF_030913345.1
2025-12-09 05:46:02,926 [INFO] Finished inserting GCF_021957185.1
2025-12-09 05:46:03,498 [INFO] Finished inserting GCA_032594495.1
2025-12-09 05:46:04,458 [INFO] Finished inserting GCF_024721175.1
2025-12-09 05:46:05,243 [INFO] Finished inserting GCF_030505435.1
2025-12-09 05:46:06,122 [INFO] Finished inserting GCF_045160025.1
2025-12-09 05:46:06,808 [INFO] Finished inserting GCF_017577085.1
2025-12-09 05:46:07,608 [INFO] Finished inserting GCF_017068035.1
2025-12-09 05:46:08,310 [INFO] Finished inserting GCF_003064405.2
2025-12-09 05:46:09,034 [INFO] Finished inserting GCF_037076485.1
2025-12-09 05:46:09,985 [INFO] Finished inserting GCF_009578005.1
2025-12-09 05:46:10,590 [INFO] Finished inserting GCF_003359505.1
2025-12-09 05:46:11,538 [INFO] Finished inserting GCF_019968805.1
2025-12-09 05:46:12,174 [INFO] Finished inserting GCF_036865505.1
2025-12-09 05:46:12,845 [INFO] Finished inserting GCF_019355055.1
2025-12-09 05:46:13,177 [INFO] Finished inserting GCF_013113755.1
2025-12-09 05:46:14,378 [INFO] Finished inserting GCF_046197085.1
2025-12-09 05:46:14,958 [INFO] Finished inserting GCF_036326985.1
2025-12-09 05:46:15,559 [INFO] Finished inserting GCA_030011535.1
2025-12-09 05:46:15,901 [INFO] Finished inserting GCF_040267755.1
2025-12-09 05:46:16,453 [INFO] Finished inserting GCF_045040605.1
2025-12-09 05:46:16,862 [INFO] Finished inserting GCF_007795095.1
2025-12-09 05:46:17,281 [INFO] Finished inserting GCF_034374265.1
2025-12-09 05:46:18,307 [INFO] Finished inserting GCA_035921805.1
2025-12-09 05:46:18,946 [INFO] Finished inserting GCF_004115325.2
2025-12-09 05:46:19,382 [INFO] Finished inserting GCF_038106905.1
2025-12-09 05:46:20,135 [INFO] Finished inserting GCF_022867795.2
2025-12-09 05:46:20,535 [INFO] Finished inserting GCF_021654855.1
2025-12-09 05:46:20,911 [INFO] Finished inserting GCA_008118325.1
2025-12-09 05:46:21,750 [INFO] Finished inserting GCF_026314315.1
2025-12-09 05:46:23,013 [INFO] Finished inserting GCF_001854205.2
2025-12-09 05:46:23,591 [INFO] Finished inserting GCF_033723955.1
2025-12-09 05:46:24,256 [INFO] Finished inserting GCA_030544525.1
2025-12-09 05:46:24,922 [INFO] Finished inserting GCF_027943665.1
2025-12-09 05:46:25,809 [INFO] Finished inserting GCF_020520165.1
2025-12-09 05:46:26,558 [INFO] Finished inserting GCF_026170095.1
2025-12-09 05:46:27,434 [INFO] Finished inserting GCF_028215955.1
2025-12-09 05:46:28,798 [INFO] Finished inserting GCF_030285645.1
2025-12-09 05:46:29,194 [INFO] Finished inserting GCF_033145555.1
2025-12-09 05:46:29,888 [INFO] Finished inserting GCF_025946525.1
2025-12-09 05:46:30,819 [INFO] Finished inserting GCF_034424625.1
2025-12-09 05:46:31,138 [INFO] Finished inserting GCF_031445945.1
2025-12-09 05:46:31,506 [INFO] Finished inserting GCF_040364775.1
2025-12-09 05:46:32,249 [INFO] Finished inserting GCA_032615215.1
2025-12-09 05:46:33,017 [INFO] Finished inserting GCF_023023665.1
2025-12-09 05:46:33,056 [INFO] Finished inserting GCA_964022915.1
2025-12-09 05:46:33,177 [INFO] Finished inserting GCA_045401155.1
2025-12-09 05:46:33,989 [INFO] Finished inserting GCF_045278925.1
2025-12-09 05:46:34,684 [INFO] Finished inserting GCF_005116675.2
2025-12-09 05:46:35,387 [INFO] Finished inserting GCF_023920205.1
2025-12-09 05:46:35,694 [INFO] Finished inserting GCF_020510245.1
2025-12-09 05:46:36,153 [INFO] Finished inserting GCF_009707485.1
2025-12-09 05:46:36,823 [INFO] Finished inserting GCF_014168535.1
2025-12-09 05:46:37,428 [INFO] Finished inserting GCF_031202855.1
2025-12-09 05:46:38,038 [INFO] Finished inserting GCF_025723105.1
2025-12-09 05:46:38,788 [INFO] Finished inserting GCF_042494895.1
2025-12-09 05:46:39,262 [INFO] Finished inserting GCF_040409885.1
2025-12-09 05:46:39,752 [INFO] Finished inserting GCA_041879365.1
2025-12-09 05:46:40,683 [INFO] Finished inserting GCF_042698915.1
2025-12-09 05:46:41,435 [INFO] Finished inserting GCF_038396755.1
2025-12-09 05:46:42,034 [INFO] Finished inserting GCF_006094695.1
2025-12-09 05:46:42,820 [INFO] Finished inserting GCF_024365005.1
2025-12-09 05:46:43,362 [INFO] Finished inserting GCF_030440425.1
2025-12-09 05:46:44,109 [INFO] Finished inserting GCF_042850945.1
2025-12-09 05:46:44,698 [INFO] Finished inserting GCA_028131375.1
2025-12-09 05:46:45,124 [INFO] Finished inserting GCF_042214795.1
2025-12-09 05:46:45,896 [INFO] Finished inserting GCF_025946545.1
2025-12-09 05:46:46,493 [INFO] Finished inserting GCF_905175365.1
2025-12-09 05:46:47,042 [INFO] Finished inserting GCF_013171305.1
2025-12-09 05:46:47,582 [INFO] Finished inserting GCF_019357415.1
2025-12-09 05:46:47,786 [INFO] Finished inserting GCA_016699425.1
2025-12-09 05:46:48,451 [INFO] Finished inserting GCF_045343875.1
2025-12-09 05:46:49,065 [INFO] Finished inserting GCF_014596835.2
2025-12-09 05:46:49,475 [INFO] Finished inserting GCF_025837015.1
2025-12-09 05:46:50,091 [INFO] Finished inserting GCF_041225435.1
2025-12-09 05:46:50,659 [INFO] Finished inserting GCF_044881185.1
2025-12-09 05:46:52,011 [INFO] Finished inserting GCF_041346945.1
2025-12-09 05:46:52,523 [INFO] Finished inserting GCF_030296695.1
2025-12-09 05:46:53,266 [INFO] Finished inserting GCF_021216675.1
2025-12-09 05:46:54,169 [INFO] Finished inserting GCF_025643495.1
2025-12-09 05:46:55,014 [INFO] Finished inserting GCF_017569325.2
2025-12-09 05:46:56,164 [INFO] Finished inserting GCF_026239515.1
2025-12-09 05:46:56,641 [INFO] Finished inserting GCF_011064265.1
2025-12-09 05:46:57,208 [INFO] Finished inserting GCF_037113525.1
2025-12-09 05:46:57,963 [INFO] Finished inserting GCA_040208185.1
2025-12-09 05:46:58,996 [INFO] Finished inserting GCF_026802215.1
2025-12-09 05:46:59,357 [INFO] Finished inserting GCF_029536205.1
2025-12-09 05:47:00,004 [INFO] Finished inserting GCA_023612615.1
2025-12-09 05:47:00,674 [INFO] Finished inserting GCF_034424435.1
2025-12-09 05:47:01,340 [INFO] Finished inserting GCF_040970185.1
2025-12-09 05:47:01,737 [INFO] Finished inserting GCF_024300645.1
2025-12-09 05:47:02,880 [INFO] Finished inserting GCF_024734645.1
2025-12-09 05:47:03,278 [INFO] Finished inserting GCF_044596365.1
2025-12-09 05:47:04,073 [INFO] Finished inserting GCF_026686735.1
2025-12-09 05:47:04,740 [INFO] Finished inserting GCF_019931635.1
2025-12-09 05:47:05,246 [INFO] Finished inserting GCA_020524525.2
2025-12-09 05:47:05,660 [INFO] Finished inserting GCF_032769475.1
2025-12-09 05:47:06,165 [INFO] Finished inserting GCF_021582875.1
2025-12-09 05:47:07,031 [INFO] Finished inserting GCF_032367395.1
2025-12-09 05:47:07,755 [INFO] Finished inserting GCF_021398485.1
2025-12-09 05:47:08,432 [INFO] Finished inserting GCF_022846615.1
2025-12-09 05:47:08,826 [INFO] Finished inserting GCF_036428785.1
2025-12-09 05:47:09,380 [INFO] Finished inserting GCF_041153465.1
2025-12-09 05:47:09,771 [INFO] Finished inserting GCA_029961705.1
2025-12-09 05:47:10,172 [INFO] Finished inserting GCF_017498625.1
2025-12-09 05:47:10,702 [INFO] Finished inserting GCF_036362845.1
2025-12-09 05:47:11,439 [INFO] Finished inserting GCF_019334425.1
2025-12-09 05:47:12,135 [INFO] Finished inserting GCF_035758505.1
2025-12-09 05:47:12,650 [INFO] Finished inserting GCF_034424295.1
2025-12-09 05:47:13,176 [INFO] Finished inserting GCF_045012825.1
2025-12-09 05:47:13,938 [INFO] Finished inserting GCF_042695725.1
2025-12-09 05:47:14,739 [INFO] Finished inserting GCF_023094055.1
2025-12-09 05:47:15,549 [INFO] Finished inserting GCF_030915445.1
2025-12-09 05:47:16,375 [INFO] Finished inserting GCF_030166435.1
2025-12-09 05:47:16,732 [INFO] Finished inserting GCA_013693835.1
2025-12-09 05:47:17,400 [INFO] Finished inserting GCF_034353875.1
2025-12-09 05:47:17,741 [INFO] Finished inserting GCF_024220135.1
2025-12-09 05:47:18,795 [INFO] Finished inserting GCF_045571435.1
2025-12-09 05:47:19,562 [INFO] Finished inserting GCF_023823875.1
2025-12-09 05:47:20,221 [INFO] Finished inserting GCF_016925575.1
2025-12-09 05:47:20,347 [INFO] Finished inserting GCF_024730665.1
2025-12-09 05:47:20,828 [INFO] Finished inserting GCF_019856495.1
2025-12-09 05:47:21,264 [INFO] Finished inserting GCA_040954445.1
2025-12-09 05:47:21,802 [INFO] Finished inserting GCF_026013985.1
2025-12-09 05:47:22,321 [INFO] Finished inserting GCF_030067815.1
2025-12-09 05:47:22,919 [INFO] Finished inserting GCF_044905095.1
2025-12-09 05:47:23,433 [INFO] Finished inserting GCF_033110285.1
2025-12-09 05:47:23,924 [INFO] Finished inserting GCF_026410845.1
2025-12-09 05:47:24,467 [INFO] Finished inserting GCF_022700795.1
2025-12-09 05:47:25,065 [INFO] Finished inserting GCF_016811995.1
2025-12-09 05:47:25,995 [INFO] Finished inserting GCF_014189535.1
2025-12-09 05:47:26,419 [INFO] Finished inserting GCF_046115515.1
2025-12-09 05:47:28,053 [INFO] SLURM_ARRAY_TASK_ID: 0
2025-12-09 05:47:28,053 [INFO] SLURM_ARRAY_TASK_COUNT: 5
2025-12-09 05:47:50,913 [INFO] Finished inserting protein_cluster
2025-12-09 05:47:52,856 [INFO] SLURM_ARRAY_TASK_ID: 0
2025-12-09 05:47:52,857 [INFO] SLURM_ARRAY_TASK_COUNT: 5
2025-12-09 05:47:53,900 [INFO] Finished inserting metadata
