2025-12-09 05:43:07,340 [INFO] SLURM_ARRAY_TASK_ID: 4
2025-12-09 05:43:07,340 [INFO] SLURM_ARRAY_TASK_COUNT: 5
2025-12-09 05:43:16,780 [INFO] Total number of assemblies: 1958
2025-12-09 05:43:17,323 [INFO] Finished inserting GCF_003359225.1
2025-12-09 05:43:17,616 [INFO] Finished inserting GCF_902702935.1
2025-12-09 05:43:18,467 [INFO] Finished inserting GCF_025452195.1
2025-12-09 05:43:18,780 [INFO] Finished inserting GCA_016887505.1
2025-12-09 05:43:19,242 [INFO] Finished inserting GCF_016894325.1
2025-12-09 05:43:19,587 [INFO] Finished inserting GCF_042134615.1
2025-12-09 05:43:20,282 [INFO] Finished inserting GCF_018363015.1
2025-12-09 05:43:21,501 [INFO] Finished inserting GCF_041346955.1
2025-12-09 05:43:21,741 [INFO] Finished inserting GCF_039905885.1
2025-12-09 05:43:22,377 [INFO] Finished inserting GCF_021398935.1
2025-12-09 05:43:22,986 [INFO] Finished inserting GCF_003697165.2
2025-12-09 05:43:23,603 [INFO] Finished inserting GCF_043587585.1
2025-12-09 05:43:23,714 [INFO] Finished inserting GCF_006777105.1
2025-12-09 05:43:24,642 [INFO] Finished inserting GCF_013343235.1
2025-12-09 05:43:25,186 [INFO] Finished inserting GCF_014720855.1
2025-12-09 05:43:25,984 [INFO] Finished inserting GCF_023546765.1
2025-12-09 05:43:26,723 [INFO] Finished inserting GCF_027912195.1
2025-12-09 05:43:27,156 [INFO] Finished inserting GCF_021165935.1
2025-12-09 05:43:27,999 [INFO] Finished inserting GCF_029215915.1
2025-12-09 05:43:28,677 [INFO] Finished inserting GCF_046352915.1
2025-12-09 05:43:28,923 [INFO] Finished inserting GCF_041026655.1
2025-12-09 05:43:29,714 [INFO] Finished inserting GCF_030369695.1
2025-12-09 05:43:30,180 [INFO] Finished inserting GCF_031826515.1
2025-12-09 05:43:30,440 [INFO] Finished inserting GCF_018140535.1
2025-12-09 05:43:30,912 [INFO] Finished inserting GCF_041893525.1
2025-12-09 05:43:31,425 [INFO] Finished inserting GCF_033878955.1
2025-12-09 05:43:31,518 [INFO] Finished inserting GCF_013463555.1
2025-12-09 05:43:32,211 [INFO] Finished inserting GCF_037113495.1
2025-12-09 05:43:32,573 [INFO] Finished inserting GCA_014884465.1
2025-12-09 05:43:33,030 [INFO] Finished inserting GCF_029590395.1
2025-12-09 05:43:33,451 [INFO] Finished inserting GCA_045348575.1
2025-12-09 05:43:33,792 [INFO] Finished inserting GCF_028747625.1
2025-12-09 05:43:34,300 [INFO] Finished inserting GCF_024759505.1
2025-12-09 05:43:34,744 [INFO] Finished inserting GCF_028872215.1
2025-12-09 05:43:35,234 [INFO] Finished inserting GCF_039613825.1
2025-12-09 05:43:35,604 [INFO] Finished inserting GCA_004771215.1
2025-12-09 05:43:36,009 [INFO] Finished inserting GCF_030219945.1
2025-12-09 05:43:36,602 [INFO] Finished inserting GCF_036670015.1
2025-12-09 05:43:37,136 [INFO] Finished inserting GCA_031655335.1
2025-12-09 05:43:37,773 [INFO] Finished inserting GCF_022871065.1
2025-12-09 05:43:38,307 [INFO] Finished inserting GCF_036865545.1
2025-12-09 05:43:38,763 [INFO] Finished inserting GCF_030296655.1
2025-12-09 05:43:39,423 [INFO] Finished inserting GCF_030345295.1
2025-12-09 05:43:39,765 [INFO] Finished inserting GCF_037081835.1
2025-12-09 05:43:40,311 [INFO] Finished inserting GCF_041081105.1
2025-12-09 05:43:41,173 [INFO] Finished inserting GCF_024918735.1
2025-12-09 05:43:41,782 [INFO] Finished inserting GCA_024703835.1
2025-12-09 05:43:42,107 [INFO] Finished inserting GCF_046097455.1
2025-12-09 05:43:42,438 [INFO] Finished inserting GCF_042239055.1
2025-12-09 05:43:42,786 [INFO] Finished inserting GCF_029952405.1
2025-12-09 05:43:43,434 [INFO] Finished inserting GCA_024125655.1
2025-12-09 05:43:43,801 [INFO] Finished inserting GCF_030846735.1
2025-12-09 05:43:44,082 [INFO] Finished inserting GCF_030544585.1
2025-12-09 05:43:44,532 [INFO] Finished inserting GCA_013693915.1
2025-12-09 05:43:45,339 [INFO] Finished inserting GCF_002187935.3
2025-12-09 05:43:45,835 [INFO] Finished inserting GCF_006094475.1
2025-12-09 05:43:46,454 [INFO] Finished inserting GCF_018516785.1
2025-12-09 05:43:47,382 [INFO] Finished inserting GCF_029760955.1
2025-12-09 05:43:47,833 [INFO] Finished inserting GCF_026168515.1
2025-12-09 05:43:48,333 [INFO] Finished inserting GCF_030915485.1
2025-12-09 05:43:48,936 [INFO] Finished inserting GCF_036866455.1
2025-12-09 05:43:49,599 [INFO] Finished inserting GCF_024758965.1
2025-12-09 05:43:50,371 [INFO] Finished inserting GCF_019339365.1
2025-12-09 05:43:50,593 [INFO] Finished inserting GCF_043187475.1
2025-12-09 05:43:51,373 [INFO] Finished inserting GCF_036485475.1
2025-12-09 05:43:51,893 [INFO] Finished inserting GCF_014622645.1
2025-12-09 05:43:52,481 [INFO] Finished inserting GCF_044784375.1
2025-12-09 05:43:53,236 [INFO] Finished inserting GCF_028748965.1
2025-12-09 05:43:53,635 [INFO] Finished inserting GCF_964186585.1
2025-12-09 05:43:54,188 [INFO] Finished inserting GCF_012844345.1
2025-12-09 05:43:55,196 [INFO] Finished inserting GCF_019056675.1
2025-12-09 05:43:55,557 [INFO] Finished inserting GCF_030623315.1
2025-12-09 05:43:56,002 [INFO] Finished inserting GCF_021513255.1
2025-12-09 05:43:56,541 [INFO] Finished inserting GCF_963853655.1
2025-12-09 05:43:57,639 [INFO] Finished inserting GCF_030719235.1
2025-12-09 05:43:58,173 [INFO] Finished inserting GCF_042698365.1
2025-12-09 05:43:58,445 [INFO] Finished inserting GCA_044336205.1
2025-12-09 05:43:58,730 [INFO] Finished inserting GCF_964065235.1
2025-12-09 05:43:59,035 [INFO] Finished inserting GCF_027941735.1
2025-12-09 05:43:59,157 [INFO] Finished inserting GCF_024205245.1
2025-12-09 05:43:59,641 [INFO] Finished inserting GCF_045040595.1
2025-12-09 05:44:00,297 [INFO] Finished inserting GCA_024758885.1
2025-12-09 05:44:00,607 [INFO] Finished inserting GCF_029011355.1
2025-12-09 05:44:01,132 [INFO] Finished inserting GCF_026314945.1
2025-12-09 05:44:01,562 [INFO] Finished inserting GCF_035231185.1
2025-12-09 05:44:02,078 [INFO] Finished inserting GCF_012516435.1
2025-12-09 05:44:02,564 [INFO] Finished inserting GCF_032911225.1
2025-12-09 05:44:03,167 [INFO] Finished inserting GCA_025452115.1
2025-12-09 05:44:03,651 [INFO] Finished inserting GCF_037094785.1
2025-12-09 05:44:04,615 [INFO] Finished inserting GCF_024442335.1
2025-12-09 05:44:05,076 [INFO] Finished inserting GCF_043518605.1
2025-12-09 05:44:05,753 [INFO] Finished inserting GCF_037055265.1
2025-12-09 05:44:06,517 [INFO] Finished inserting GCF_018672515.1
2025-12-09 05:44:07,676 [INFO] Finished inserting GCA_018596355.1
2025-12-09 05:44:08,562 [INFO] Finished inserting GCF_964063345.1
2025-12-09 05:44:09,417 [INFO] Finished inserting GCF_018316655.1
2025-12-09 05:44:09,862 [INFO] Finished inserting GCF_028401385.2
2025-12-09 05:44:10,220 [INFO] Finished inserting GCA_016699835.1
2025-12-09 05:44:10,555 [INFO] Finished inserting GCA_013693755.1
2025-12-09 05:44:11,070 [INFO] Finished inserting GCF_027625435.1
2025-12-09 05:44:11,660 [INFO] Finished inserting GCF_008364625.2
2025-12-09 05:44:11,982 [INFO] Finished inserting GCA_016699815.1
2025-12-09 05:44:12,477 [INFO] Finished inserting GCA_045184175.1
2025-12-09 05:44:12,964 [INFO] Finished inserting GCF_024918935.1
2025-12-09 05:44:13,471 [INFO] Finished inserting GCF_043150135.1
2025-12-09 05:44:14,261 [INFO] Finished inserting GCF_029201665.1
2025-12-09 05:44:14,925 [INFO] Finished inserting GCF_033449965.1
2025-12-09 05:44:15,260 [INFO] Finished inserting GCA_016887485.1
2025-12-09 05:44:16,306 [INFO] Finished inserting GCF_016698685.1
2025-12-09 05:44:16,627 [INFO] Finished inserting GCA_044056775.1
2025-12-09 05:44:17,393 [INFO] Finished inserting GCF_019856235.1
2025-12-09 05:44:18,334 [INFO] Finished inserting GCF_034054735.1
2025-12-09 05:44:18,700 [INFO] Finished inserting GCF_029011725.1
2025-12-09 05:44:19,401 [INFO] Finished inserting GCF_001952815.1
2025-12-09 05:44:20,104 [INFO] Finished inserting GCF_010977555.1
2025-12-09 05:44:20,618 [INFO] Finished inserting GCF_034377005.1
2025-12-09 05:44:21,287 [INFO] Finished inserting GCF_025732135.1
2025-12-09 05:44:21,801 [INFO] Finished inserting GCF_035609305.1
2025-12-09 05:44:22,156 [INFO] Finished inserting GCA_036322835.1
2025-12-09 05:44:22,585 [INFO] Finished inserting GCF_015209785.1
2025-12-09 05:44:23,119 [INFO] Finished inserting GCF_044872955.1
2025-12-09 05:44:23,230 [INFO] Finished inserting GCF_016452245.2
2025-12-09 05:44:23,893 [INFO] Finished inserting GCF_041475595.1
2025-12-09 05:44:24,597 [INFO] Finished inserting GCF_032999765.1
2025-12-09 05:44:25,518 [INFO] Finished inserting GCF_041729625.1
2025-12-09 05:44:26,133 [INFO] Finished inserting GCF_009707365.1
2025-12-09 05:44:26,934 [INFO] Finished inserting GCF_028993575.1
2025-12-09 05:44:27,136 [INFO] Finished inserting GCF_023277645.1
2025-12-09 05:44:28,284 [INFO] Finished inserting GCF_021899435.1
2025-12-09 05:44:28,617 [INFO] Finished inserting GCF_029011275.1
2025-12-09 05:44:29,330 [INFO] Finished inserting GCF_037094645.1
2025-12-09 05:44:29,771 [INFO] Finished inserting GCF_030913655.1
2025-12-09 05:44:30,222 [INFO] Finished inserting GCF_033096465.1
2025-12-09 05:44:31,254 [INFO] Finished inserting GCA_034631695.1
2025-12-09 05:44:31,555 [INFO] Finished inserting GCA_032695835.1
2025-12-09 05:44:32,052 [INFO] Finished inserting GCF_019395145.1
2025-12-09 05:44:32,580 [INFO] Finished inserting GCF_007859655.1
2025-12-09 05:44:32,852 [INFO] Finished inserting GCF_046097415.1
2025-12-09 05:44:33,772 [INFO] Finished inserting GCF_040784895.1
2025-12-09 05:44:34,324 [INFO] Finished inserting GCF_024760085.1
2025-12-09 05:44:34,844 [INFO] Finished inserting GCA_013128495.1
2025-12-09 05:44:35,455 [INFO] Finished inserting GCF_020524355.2
2025-12-09 05:44:36,003 [INFO] Finished inserting GCA_024372495.1
2025-12-09 05:44:36,462 [INFO] Finished inserting GCF_021535045.1
2025-12-09 05:44:36,621 [INFO] Finished inserting GCF_045277585.1
2025-12-09 05:44:36,840 [INFO] Finished inserting GCF_041447105.1
2025-12-09 05:44:37,554 [INFO] Finished inserting GCF_024759125.1
2025-12-09 05:44:37,891 [INFO] Finished inserting GCF_031326165.1
2025-12-09 05:44:38,473 [INFO] Finished inserting GCA_013693955.1
2025-12-09 05:44:38,892 [INFO] Finished inserting GCA_028472985.1
2025-12-09 05:44:39,770 [INFO] Finished inserting GCA_024703875.1
2025-12-09 05:44:40,525 [INFO] Finished inserting GCF_905175355.1
2025-12-09 05:44:41,100 [INFO] Finished inserting GCA_044788385.1
2025-12-09 05:44:41,962 [INFO] Finished inserting GCF_044998965.1
2025-12-09 05:44:42,357 [INFO] Finished inserting GCF_024860185.1
2025-12-09 05:44:42,880 [INFO] Finished inserting GCF_014840975.1
2025-12-09 05:44:43,452 [INFO] Finished inserting GCF_037477885.1
2025-12-09 05:44:44,262 [INFO] Finished inserting GCF_003330725.1
2025-12-09 05:44:44,837 [INFO] Finished inserting GCF_030503835.1
2025-12-09 05:44:45,262 [INFO] Finished inserting GCF_019211725.1
2025-12-09 05:44:45,973 [INFO] Finished inserting GCF_030122765.1
2025-12-09 05:44:46,736 [INFO] Finished inserting GCF_045689255.1
2025-12-09 05:44:47,169 [INFO] Finished inserting GCF_040267745.1
2025-12-09 05:44:47,663 [INFO] Finished inserting GCF_022647505.1
2025-12-09 05:44:48,401 [INFO] Finished inserting GCF_021869645.1
2025-12-09 05:44:48,882 [INFO] Finished inserting GCF_036322625.1
2025-12-09 05:44:49,464 [INFO] Finished inserting GCF_029320885.1
2025-12-09 05:44:49,823 [INFO] Finished inserting GCF_045801155.1
2025-12-09 05:44:50,288 [INFO] Finished inserting GCA_035609365.1
2025-12-09 05:44:51,036 [INFO] Finished inserting GCF_037463925.1
2025-12-09 05:44:51,772 [INFO] Finished inserting GCF_014131715.1
2025-12-09 05:44:52,411 [INFO] Finished inserting GCA_030544705.1
2025-12-09 05:44:52,682 [INFO] Finished inserting GCF_041447125.1
2025-12-09 05:44:53,620 [INFO] Finished inserting GCF_004919535.4
2025-12-09 05:44:54,149 [INFO] Finished inserting GCF_041224405.1
2025-12-09 05:44:54,783 [INFO] Finished inserting GCF_036289045.1
2025-12-09 05:44:55,143 [INFO] Finished inserting GCF_964062795.1
2025-12-09 05:44:55,910 [INFO] Finished inserting GCA_030123465.1
2025-12-09 05:44:56,968 [INFO] Finished inserting GCF_026651855.1
2025-12-09 05:44:57,433 [INFO] Finished inserting GCF_023022965.1
2025-12-09 05:44:57,784 [INFO] Finished inserting GCF_045011645.1
2025-12-09 05:44:58,065 [INFO] Finished inserting GCF_022808015.1
2025-12-09 05:44:58,477 [INFO] Finished inserting GCF_018398975.1
2025-12-09 05:44:58,994 [INFO] Finished inserting GCF_006874765.1
2025-12-09 05:44:59,498 [INFO] Finished inserting GCF_038443675.1
2025-12-09 05:45:00,382 [INFO] Finished inserting GCF_003049825.1
2025-12-09 05:45:00,803 [INFO] Finished inserting GCF_045346035.1
2025-12-09 05:45:01,372 [INFO] Finished inserting GCF_042140235.1
2025-12-09 05:45:02,171 [INFO] Finished inserting GCF_042693265.1
2025-12-09 05:45:02,754 [INFO] Finished inserting GCF_038069655.2
2025-12-09 05:45:03,120 [INFO] Finished inserting GCF_018968665.1
2025-12-09 05:45:04,053 [INFO] Finished inserting GCF_041200145.1
2025-12-09 05:45:04,686 [INFO] Finished inserting GCF_021713115.1
2025-12-09 05:45:05,235 [INFO] Finished inserting GCF_026723725.1
2025-12-09 05:45:05,860 [INFO] Finished inserting GCF_023151555.2
2025-12-09 05:45:06,192 [INFO] Finished inserting GCF_039700225.1
2025-12-09 05:45:07,097 [INFO] Finished inserting GCA_023380185.1
2025-12-09 05:45:07,500 [INFO] Finished inserting GCF_030296635.1
2025-12-09 05:45:08,495 [INFO] Finished inserting GCF_025642175.1
2025-12-09 05:45:09,224 [INFO] Finished inserting GCF_026636035.1
2025-12-09 05:45:09,911 [INFO] Finished inserting GCF_024759565.1
2025-12-09 05:45:10,726 [INFO] Finished inserting GCF_024917675.1
2025-12-09 05:45:11,006 [INFO] Finished inserting GCF_021654515.1
2025-12-09 05:45:11,618 [INFO] Finished inserting GCF_964063325.1
2025-12-09 05:45:12,121 [INFO] Finished inserting GCF_025787225.1
2025-12-09 05:45:12,885 [INFO] Finished inserting GCF_019711195.1
2025-12-09 05:45:13,493 [INFO] Finished inserting GCF_947090785.1
2025-12-09 05:45:14,250 [INFO] Finished inserting GCF_030323265.1
2025-12-09 05:45:14,635 [INFO] Finished inserting GCF_900538275.1
2025-12-09 05:45:15,684 [INFO] Finished inserting GCF_014621695.1
2025-12-09 05:45:16,740 [INFO] Finished inserting GCF_045291505.1
2025-12-09 05:45:17,494 [INFO] Finished inserting GCF_029024985.1
2025-12-09 05:45:17,766 [INFO] Finished inserting GCA_018399055.1
2025-12-09 05:45:18,464 [INFO] Finished inserting GCF_042700715.1
2025-12-09 05:45:19,271 [INFO] Finished inserting GCF_023824095.1
2025-12-09 05:45:20,014 [INFO] Finished inserting GCF_025264625.1
2025-12-09 05:45:21,077 [INFO] Finished inserting GCF_013393925.1
2025-12-09 05:45:21,447 [INFO] Finished inserting GCF_033597815.2
2025-12-09 05:45:21,753 [INFO] Finished inserting GCF_044051705.1
2025-12-09 05:45:22,574 [INFO] Finished inserting GCF_032620035.1
2025-12-09 05:45:22,939 [INFO] Finished inserting GCF_028898865.1
2025-12-09 05:45:23,583 [INFO] Finished inserting GCF_021650705.1
2025-12-09 05:45:24,066 [INFO] Finished inserting GCF_031583575.1
2025-12-09 05:45:24,522 [INFO] Finished inserting GCF_004353525.1
2025-12-09 05:45:25,140 [INFO] Finished inserting GCF_044866915.1
2025-12-09 05:45:25,899 [INFO] Finished inserting GCA_029690005.1
2025-12-09 05:45:26,553 [INFO] Finished inserting GCF_037198305.1
2025-12-09 05:45:27,047 [INFO] Finished inserting GCA_045346125.1
2025-12-09 05:45:27,618 [INFO] Finished inserting GCF_046254925.1
2025-12-09 05:45:27,884 [INFO] Finished inserting GCA_045290315.1
2025-12-09 05:45:28,737 [INFO] Finished inserting GCF_017607425.1
2025-12-09 05:45:29,600 [INFO] Finished inserting GCF_025643095.1
2025-12-09 05:45:30,416 [INFO] Finished inserting GCF_036784815.1
2025-12-09 05:45:30,566 [INFO] Finished inserting GCA_016699915.1
2025-12-09 05:45:30,961 [INFO] Finished inserting GCF_964062735.1
2025-12-09 05:45:31,977 [INFO] Finished inserting GCF_023824175.1
2025-12-09 05:45:32,574 [INFO] Finished inserting GCF_035320825.1
2025-12-09 05:45:32,923 [INFO] Finished inserting GCF_046097315.1
2025-12-09 05:45:33,306 [INFO] Finished inserting GCF_021952485.1
2025-12-09 05:45:34,094 [INFO] Finished inserting GCA_044585415.1
2025-12-09 05:45:34,948 [INFO] Finished inserting GCF_021869685.1
2025-12-09 05:45:35,629 [INFO] Finished inserting GCF_036865515.1
2025-12-09 05:45:36,469 [INFO] Finished inserting GCF_025857195.1
2025-12-09 05:45:37,254 [INFO] Finished inserting GCF_035620215.1
2025-12-09 05:45:37,740 [INFO] Finished inserting GCF_009707465.1
2025-12-09 05:45:38,201 [INFO] Finished inserting GCF_018080005.1
2025-12-09 05:45:39,282 [INFO] Finished inserting GCF_036894225.1
2025-12-09 05:45:39,892 [INFO] Finished inserting GCF_021484805.1
2025-12-09 05:45:40,492 [INFO] Finished inserting GCA_016700115.1
2025-12-09 05:45:41,228 [INFO] Finished inserting GCF_020640995.1
2025-12-09 05:45:42,051 [INFO] Finished inserting GCF_044499395.1
2025-12-09 05:45:42,753 [INFO] Finished inserting GCF_009497895.1
2025-12-09 05:45:43,217 [INFO] Finished inserting GCF_030517105.1
2025-12-09 05:45:43,321 [INFO] Finished inserting GCA_016699085.1
2025-12-09 05:45:43,896 [INFO] Finished inserting GCF_025502585.1
2025-12-09 05:45:44,376 [INFO] Finished inserting GCF_040409935.1
2025-12-09 05:45:44,880 [INFO] Finished inserting GCF_023744375.2
2025-12-09 05:45:45,435 [INFO] Finished inserting GCF_020524035.2
2025-12-09 05:45:45,926 [INFO] Finished inserting GCF_018128945.1
2025-12-09 05:45:46,380 [INFO] Finished inserting GCF_964062745.1
2025-12-09 05:45:47,021 [INFO] Finished inserting GCA_029227815.1
2025-12-09 05:45:47,344 [INFO] Finished inserting GCF_042472175.1
2025-12-09 05:45:47,991 [INFO] Finished inserting GCF_030388345.1
2025-12-09 05:45:48,483 [INFO] Finished inserting GCF_045276935.1
2025-12-09 05:45:49,843 [INFO] Finished inserting GCF_045278895.1
2025-12-09 05:45:50,376 [INFO] Finished inserting GCF_032924185.1
2025-12-09 05:45:50,553 [INFO] Finished inserting GCA_016699205.1
2025-12-09 05:45:51,107 [INFO] Finished inserting GCF_030665425.1
2025-12-09 05:45:51,795 [INFO] Finished inserting GCF_042854845.1
2025-12-09 05:45:52,774 [INFO] Finished inserting GCF_026015985.1
2025-12-09 05:45:53,568 [INFO] Finished inserting GCF_044029535.1
2025-12-09 05:45:54,261 [INFO] Finished inserting GCF_015223545.3
2025-12-09 05:45:54,988 [INFO] Finished inserting GCF_014788985.1
2025-12-09 05:45:55,297 [INFO] Finished inserting GCF_007923185.1
2025-12-09 05:45:55,912 [INFO] Finished inserting GCF_033122725.1
2025-12-09 05:45:56,455 [INFO] Finished inserting GCF_042763285.1
2025-12-09 05:45:56,968 [INFO] Finished inserting GCF_020162095.1
2025-12-09 05:45:57,627 [INFO] Finished inserting GCF_011290605.1
2025-12-09 05:45:58,622 [INFO] Finished inserting GCF_024610635.1
2025-12-09 05:45:59,729 [INFO] Finished inserting GCF_023823775.1
2025-12-09 05:46:00,623 [INFO] Finished inserting GCF_025643595.1
2025-12-09 05:46:01,043 [INFO] Finished inserting GCF_015654125.1
2025-12-09 05:46:01,956 [INFO] Finished inserting GCF_030845255.1
2025-12-09 05:46:02,537 [INFO] Finished inserting GCF_041900585.1
2025-12-09 05:46:03,318 [INFO] Finished inserting GCF_041379005.1
2025-12-09 05:46:04,117 [INFO] Finished inserting GCF_013306495.1
2025-12-09 05:46:04,351 [INFO] Finished inserting GCA_032463725.2
2025-12-09 05:46:04,689 [INFO] Finished inserting GCF_964062605.1
2025-12-09 05:46:05,328 [INFO] Finished inserting GCF_044336395.1
2025-12-09 05:46:05,842 [INFO] Finished inserting GCF_022870985.1
2025-12-09 05:46:06,409 [INFO] Finished inserting GCF_026183385.1
2025-12-09 05:46:06,986 [INFO] Finished inserting GCF_027920765.2
2025-12-09 05:46:07,708 [INFO] Finished inserting GCF_037997175.1
2025-12-09 05:46:07,967 [INFO] Finished inserting GCF_040050875.1
2025-12-09 05:46:08,188 [INFO] Finished inserting GCF_032848195.1
2025-12-09 05:46:08,979 [INFO] Finished inserting GCF_034351645.1
2025-12-09 05:46:09,694 [INFO] Finished inserting GCF_036865555.1
2025-12-09 05:46:10,647 [INFO] Finished inserting GCF_013462275.1
2025-12-09 05:46:11,388 [INFO] Finished inserting GCF_021725435.1
2025-12-09 05:46:12,086 [INFO] Finished inserting GCF_027186325.1
2025-12-09 05:46:12,418 [INFO] Finished inserting GCF_018336615.1
2025-12-09 05:46:12,803 [INFO] Finished inserting GCF_020535165.1
2025-12-09 05:46:13,347 [INFO] Finished inserting GCF_025677645.1
2025-12-09 05:46:14,154 [INFO] Finished inserting GCF_007858555.1
2025-12-09 05:46:15,107 [INFO] Finished inserting GCF_030506325.1
2025-12-09 05:46:15,619 [INFO] Finished inserting GCF_014679505.1
2025-12-09 05:46:16,361 [INFO] Finished inserting GCF_029025785.1
2025-12-09 05:46:16,791 [INFO] Finished inserting GCF_026914285.1
2025-12-09 05:46:17,600 [INFO] Finished inserting GCF_022492935.1
2025-12-09 05:46:18,148 [INFO] Finished inserting GCF_026898095.1
2025-12-09 05:46:18,762 [INFO] Finished inserting GCF_026967555.1
2025-12-09 05:46:19,717 [INFO] Finished inserting GCF_018204675.1
2025-12-09 05:46:20,465 [INFO] Finished inserting GCF_045063885.1
2025-12-09 05:46:20,980 [INFO] Finished inserting GCF_042847215.1
2025-12-09 05:46:21,354 [INFO] Finished inserting GCA_045689595.1
2025-12-09 05:46:21,919 [INFO] Finished inserting GCA_023213195.1
2025-12-09 05:46:22,746 [INFO] Finished inserting GCF_030123485.1
2025-12-09 05:46:23,195 [INFO] Finished inserting GCA_020683205.1
2025-12-09 05:46:23,861 [INFO] Finished inserting GCF_037482245.1
2025-12-09 05:46:24,417 [INFO] Finished inserting GCF_025244705.1
2025-12-09 05:46:25,128 [INFO] Finished inserting GCF_025398035.1
2025-12-09 05:46:26,689 [INFO] Finished inserting GCF_028736035.1
2025-12-09 05:46:27,374 [INFO] Finished inserting GCF_040412085.2
2025-12-09 05:46:28,071 [INFO] Finished inserting GCF_030064165.1
2025-12-09 05:46:28,950 [INFO] Finished inserting GCF_029834475.1
2025-12-09 05:46:29,527 [INFO] Finished inserting GCF_030166395.1
2025-12-09 05:46:30,330 [INFO] Finished inserting GCF_044813085.1
2025-12-09 05:46:30,954 [INFO] Finished inserting GCF_003860305.1
2025-12-09 05:46:31,587 [INFO] Finished inserting GCF_020520245.1
2025-12-09 05:46:32,451 [INFO] Finished inserting GCF_030123065.1
2025-12-09 05:46:32,732 [INFO] Finished inserting GCF_030246965.1
2025-12-09 05:46:33,334 [INFO] Finished inserting GCF_030285785.1
2025-12-09 05:46:33,528 [INFO] Finished inserting GCF_041006295.1
2025-12-09 05:46:35,176 [INFO] Finished inserting GCF_016887565.1
2025-12-09 05:46:35,979 [INFO] Finished inserting GCF_034377285.1
2025-12-09 05:46:36,410 [INFO] Finished inserting GCF_905186165.1
2025-12-09 05:46:37,016 [INFO] Finished inserting GCF_023278545.1
2025-12-09 05:46:37,306 [INFO] Finished inserting GCF_029011515.1
2025-12-09 05:46:37,919 [INFO] Finished inserting GCF_022648965.1
2025-12-09 05:46:38,834 [INFO] Finished inserting GCF_021513275.1
2025-12-09 05:46:39,054 [INFO] Finished inserting GCA_016699995.1
2025-12-09 05:46:40,194 [INFO] Finished inserting GCF_024734895.1
2025-12-09 05:46:41,225 [INFO] Finished inserting GCF_030285945.1
2025-12-09 05:46:41,995 [INFO] Finished inserting GCF_024759285.1
2025-12-09 05:46:42,345 [INFO] Finished inserting GCF_014352915.1
2025-12-09 05:46:42,977 [INFO] Finished inserting GCF_040760075.1
2025-12-09 05:46:43,406 [INFO] Finished inserting GCF_040409905.1
2025-12-09 05:46:44,163 [INFO] Finished inserting GCF_009184685.1
2025-12-09 05:46:44,628 [INFO] Finished inserting GCF_014274685.1
2025-12-09 05:46:45,216 [INFO] Finished inserting GCF_016250455.1
2025-12-09 05:46:46,343 [INFO] Finished inserting GCF_044055365.1
2025-12-09 05:46:46,604 [INFO] Finished inserting GCF_013745115.1
2025-12-09 05:46:47,718 [INFO] Finished inserting GCF_030719275.1
2025-12-09 05:46:48,545 [INFO] Finished inserting GCF_031326345.1
2025-12-09 05:46:49,114 [INFO] Finished inserting GCF_020524085.2
2025-12-09 05:46:50,142 [INFO] Finished inserting GCF_029215525.1
2025-12-09 05:46:50,567 [INFO] Finished inserting GCA_013693735.1
2025-12-09 05:46:51,444 [INFO] Finished inserting GCF_045866025.2
2025-12-09 05:46:52,398 [INFO] Finished inserting GCF_013393945.1
2025-12-09 05:46:53,214 [INFO] Finished inserting GCA_018310475.1
2025-12-09 05:46:53,892 [INFO] Finished inserting GCF_009388185.1
2025-12-09 05:46:54,208 [INFO] Finished inserting GCF_046244355.1
2025-12-09 05:46:54,717 [INFO] Finished inserting GCF_042853465.1
2025-12-09 05:46:55,452 [INFO] Finished inserting GCF_029457475.1
2025-12-09 05:46:55,754 [INFO] Finished inserting GCF_040369795.1
2025-12-09 05:46:56,284 [INFO] Finished inserting GCF_030376805.1
2025-12-09 05:46:57,271 [INFO] Finished inserting GCF_042466595.1
2025-12-09 05:46:57,828 [INFO] Finished inserting GCF_028201555.1
2025-12-09 05:46:58,217 [INFO] Finished inserting GCF_011064825.1
2025-12-09 05:46:59,159 [INFO] Finished inserting GCF_045348655.1
2025-12-09 05:46:59,662 [INFO] Finished inserting GCF_014679705.1
2025-12-09 05:47:00,178 [INFO] Finished inserting GCF_037076585.1
2025-12-09 05:47:00,585 [INFO] Finished inserting GCF_012931845.1
2025-12-09 05:47:01,404 [INFO] Finished inserting GCF_019704275.1
2025-12-09 05:47:01,963 [INFO] Finished inserting GCF_014211955.1
2025-12-09 05:47:02,610 [INFO] Finished inserting GCA_016025055.1
2025-12-09 05:47:03,185 [INFO] Finished inserting GCF_045715775.1
2025-12-09 05:47:03,552 [INFO] Finished inserting GCF_023373765.1
2025-12-09 05:47:03,876 [INFO] Finished inserting GCA_040215705.1
2025-12-09 05:47:04,450 [INFO] Finished inserting GCF_029643245.1
2025-12-09 05:47:04,773 [INFO] Finished inserting GCA_040782825.1
2025-12-09 05:47:05,835 [INFO] Finished inserting GCF_040571325.1
2025-12-09 05:47:06,069 [INFO] Finished inserting GCF_018141665.1
2025-12-09 05:47:06,498 [INFO] Finished inserting GCF_034343125.1
2025-12-09 05:47:07,081 [INFO] Finished inserting GCF_042748755.1
2025-12-09 05:47:07,532 [INFO] Finished inserting GCA_030913685.1
2025-12-09 05:47:08,211 [INFO] Finished inserting GCF_045277175.1
2025-12-09 05:47:09,030 [INFO] Finished inserting GCF_018199955.1
2025-12-09 05:47:09,703 [INFO] Finished inserting GCF_025426275.1
2025-12-09 05:47:09,895 [INFO] Finished inserting GCA_016699755.1
2025-12-09 05:47:10,361 [INFO] Finished inserting GCF_005144965.1
2025-12-09 05:47:11,969 [INFO] SLURM_ARRAY_TASK_ID: 4
2025-12-09 05:47:11,969 [INFO] SLURM_ARRAY_TASK_COUNT: 5
2025-12-09 05:47:22,973 [INFO] SLURM_ARRAY_TASK_ID: 4
2025-12-09 05:47:22,974 [INFO] SLURM_ARRAY_TASK_COUNT: 5
