2025-12-09 05:43:07,337 [INFO] SLURM_ARRAY_TASK_ID: 1
2025-12-09 05:43:07,337 [INFO] SLURM_ARRAY_TASK_COUNT: 5
2025-12-09 05:43:16,780 [INFO] Total number of assemblies: 1958
2025-12-09 05:43:17,806 [INFO] Finished inserting GCF_039728355.1
2025-12-09 05:43:18,170 [INFO] Finished inserting GCF_030762805.1
2025-12-09 05:43:18,508 [INFO] Finished inserting GCF_041530365.1
2025-12-09 05:43:19,472 [INFO] Finished inserting GCF_043769475.1
2025-12-09 05:43:20,648 [INFO] Finished inserting GCF_032110285.1
2025-12-09 05:43:21,830 [INFO] Finished inserting GCF_013009255.1
2025-12-09 05:43:22,182 [INFO] Finished inserting GCF_042926695.1
2025-12-09 05:43:23,049 [INFO] Finished inserting GCF_019968745.1
2025-12-09 05:43:23,471 [INFO] Finished inserting GCF_041281755.1
2025-12-09 05:43:24,598 [INFO] Finished inserting GCA_024703935.1
2025-12-09 05:43:25,501 [INFO] Finished inserting GCF_039697315.1
2025-12-09 05:43:26,043 [INFO] Finished inserting GCF_030534335.1
2025-12-09 05:43:26,579 [INFO] Finished inserting GCF_018389385.1
2025-12-09 05:43:26,974 [INFO] Finished inserting GCA_038446615.1
2025-12-09 05:43:27,747 [INFO] Finished inserting GCF_028743655.1
2025-12-09 05:43:28,543 [INFO] Finished inserting GCF_034354675.1
2025-12-09 05:43:28,856 [INFO] Finished inserting GCF_028370195.1
2025-12-09 05:43:29,556 [INFO] Finished inserting GCF_027942095.1
2025-12-09 05:43:30,052 [INFO] Finished inserting GCA_032620915.1
2025-12-09 05:43:30,307 [INFO] Finished inserting GCF_029011845.1
2025-12-09 05:43:30,697 [INFO] Finished inserting GCF_027118995.1
2025-12-09 05:43:31,107 [INFO] Finished inserting GCF_032463465.1
2025-12-09 05:43:31,685 [INFO] Finished inserting GCF_025642115.1
2025-12-09 05:43:32,302 [INFO] Finished inserting GCF_045184165.1
2025-12-09 05:43:32,608 [INFO] Finished inserting GCF_040267765.1
2025-12-09 05:43:33,335 [INFO] Finished inserting GCF_035749045.1
2025-12-09 05:43:33,917 [INFO] Finished inserting GCF_034344045.1
2025-12-09 05:43:34,807 [INFO] Finished inserting GCF_041014805.1
2025-12-09 05:43:35,765 [INFO] Finished inserting GCA_021484765.1
2025-12-09 05:43:36,148 [INFO] Finished inserting GCF_020889625.1
2025-12-09 05:43:36,811 [INFO] Finished inserting GCF_029023725.1
2025-12-09 05:43:37,264 [INFO] Finished inserting GCF_024362345.1
2025-12-09 05:43:38,017 [INFO] Finished inserting GCF_037039395.1
2025-12-09 05:43:38,891 [INFO] Finished inserting GCF_028885605.1
2025-12-09 05:43:39,724 [INFO] Finished inserting GCF_031583025.1
2025-12-09 05:43:40,393 [INFO] Finished inserting GCF_018417475.1
2025-12-09 05:43:41,014 [INFO] Finished inserting GCF_042140215.1
2025-12-09 05:43:41,426 [INFO] Finished inserting GCF_018389405.1
2025-12-09 05:43:42,590 [INFO] Finished inserting GCF_040529335.1
2025-12-09 05:43:43,289 [INFO] Finished inserting GCA_040361705.1
2025-12-09 05:43:43,902 [INFO] Finished inserting GCF_025264645.1
2025-12-09 05:43:44,600 [INFO] Finished inserting GCF_013009555.1
2025-12-09 05:43:45,386 [INFO] Finished inserting GCF_025946565.1
2025-12-09 05:43:46,146 [INFO] Finished inserting GCF_042232855.1
2025-12-09 05:43:46,809 [INFO] Finished inserting GCF_014171575.1
2025-12-09 05:43:47,676 [INFO] Finished inserting GCF_023516215.1
2025-12-09 05:43:48,560 [INFO] Finished inserting GCF_030388745.1
2025-12-09 05:43:49,106 [INFO] Finished inserting GCF_029689965.1
2025-12-09 05:43:49,526 [INFO] Finished inserting GCF_044502415.1
2025-12-09 05:43:49,663 [INFO] Finished inserting GCA_016699465.1
2025-12-09 05:43:50,500 [INFO] Finished inserting GCF_019702485.1
2025-12-09 05:43:50,936 [INFO] Finished inserting GCF_040500475.1
2025-12-09 05:43:52,557 [INFO] Finished inserting GCF_030285665.1
2025-12-09 05:43:53,339 [INFO] Finished inserting GCF_029543045.1
2025-12-09 05:43:54,044 [INFO] Finished inserting GCA_023213235.1
2025-12-09 05:43:55,135 [INFO] Finished inserting GCA_001652265.2
2025-12-09 05:43:55,474 [INFO] Finished inserting GCF_964642095.1
2025-12-09 05:43:56,608 [INFO] Finished inserting GCF_040744945.1
2025-12-09 05:43:57,382 [INFO] Finished inserting GCF_030123185.1
2025-12-09 05:43:57,973 [INFO] Finished inserting GCF_045040565.1
2025-12-09 05:43:58,494 [INFO] Finished inserting GCF_011057975.1
2025-12-09 05:43:58,912 [INFO] Finished inserting GCF_027474845.2
2025-12-09 05:43:59,274 [INFO] Finished inserting GCF_041199985.1
2025-12-09 05:43:59,942 [INFO] Finished inserting GCF_027474825.1
2025-12-09 05:44:00,820 [INFO] Finished inserting GCF_018316795.1
2025-12-09 05:44:01,366 [INFO] Finished inserting GCF_028747645.1
2025-12-09 05:44:01,986 [INFO] Finished inserting GCF_037076395.1
2025-12-09 05:44:02,423 [INFO] Finished inserting GCF_044597075.1
2025-12-09 05:44:03,073 [INFO] Finished inserting GCF_020043425.2
2025-12-09 05:44:03,433 [INFO] Finished inserting GCA_038095565.1
2025-12-09 05:44:03,538 [INFO] Finished inserting GCF_022058185.1
2025-12-09 05:44:04,495 [INFO] Finished inserting GCF_020535385.1
2025-12-09 05:44:04,923 [INFO] Finished inserting GCF_034422975.1
2025-12-09 05:44:05,635 [INFO] Finished inserting GCF_005576575.1
2025-12-09 05:44:06,044 [INFO] Finished inserting GCF_036866465.1
2025-12-09 05:44:07,050 [INFO] Finished inserting GCF_045571465.1
2025-12-09 05:44:07,810 [INFO] Finished inserting GCF_003627015.2
2025-12-09 05:44:08,222 [INFO] Finished inserting GCA_039234925.1
2025-12-09 05:44:08,989 [INFO] Finished inserting GCF_027366555.1
2025-12-09 05:44:09,647 [INFO] Finished inserting GCF_006542315.2
2025-12-09 05:44:10,404 [INFO] Finished inserting GCA_024600055.1
2025-12-09 05:44:10,893 [INFO] Finished inserting GCF_037055305.1
2025-12-09 05:44:11,713 [INFO] Finished inserting GCF_009002535.1
2025-12-09 05:44:12,931 [INFO] Finished inserting GCF_024381035.1
2025-12-09 05:44:13,623 [INFO] Finished inserting GCF_040822085.1
2025-12-09 05:44:14,377 [INFO] Finished inserting GCA_025452255.1
2025-12-09 05:44:15,166 [INFO] Finished inserting GCF_030517155.1
2025-12-09 05:44:15,467 [INFO] Finished inserting GCF_030758775.1
2025-12-09 05:44:16,461 [INFO] Finished inserting GCF_030144325.1
2025-12-09 05:44:16,773 [INFO] Finished inserting GCF_041081565.1
2025-12-09 05:44:17,649 [INFO] Finished inserting GCF_041937585.1
2025-12-09 05:44:18,055 [INFO] Finished inserting GCF_029011495.1
2025-12-09 05:44:18,399 [INFO] Finished inserting GCF_964062635.1
2025-12-09 05:44:18,793 [INFO] Finished inserting GCF_044053895.1
2025-12-09 05:44:19,587 [INFO] Finished inserting GCF_024759365.1
2025-12-09 05:44:20,414 [INFO] Finished inserting GCF_006440675.2
2025-12-09 05:44:21,738 [INFO] Finished inserting GCF_005280735.1
2025-12-09 05:44:22,353 [INFO] Finished inserting GCF_021398215.1
2025-12-09 05:44:22,954 [INFO] Finished inserting GCA_016699165.1
2025-12-09 05:44:23,401 [INFO] Finished inserting GCF_014884545.1
2025-12-09 05:44:23,993 [INFO] Finished inserting GCA_044357145.1
2025-12-09 05:44:24,213 [INFO] Finished inserting GCF_039555305.1
2025-12-09 05:44:25,403 [INFO] Finished inserting GCF_013393905.1
2025-12-09 05:44:26,031 [INFO] Finished inserting GCF_029625295.1
2025-12-09 05:44:26,311 [INFO] Finished inserting GCF_031190595.1
2025-12-09 05:44:27,241 [INFO] Finished inserting GCF_045710645.1
2025-12-09 05:44:27,625 [INFO] Finished inserting GCF_025919725.1
2025-12-09 05:44:28,181 [INFO] Finished inserting GCF_030291095.1
2025-12-09 05:44:28,759 [INFO] Finished inserting GCF_031582905.1
2025-12-09 05:44:29,709 [INFO] Finished inserting GCF_029215835.1
2025-12-09 05:44:30,382 [INFO] Finished inserting GCF_019880465.1
2025-12-09 05:44:31,103 [INFO] Finished inserting GCF_018399035.1
2025-12-09 05:44:31,990 [INFO] Finished inserting GCF_024917695.1
2025-12-09 05:44:34,283 [INFO] Finished inserting GCA_017163995.1
2025-12-09 05:44:34,992 [INFO] Finished inserting GCF_023923185.1
2025-12-09 05:44:35,672 [INFO] Finished inserting GCF_027570015.1
2025-12-09 05:44:36,240 [INFO] Finished inserting GCF_014596855.2
2025-12-09 05:44:36,748 [INFO] Finished inserting GCF_021611515.1
2025-12-09 05:44:37,595 [INFO] Finished inserting GCF_041319955.1
2025-12-09 05:44:38,668 [INFO] Finished inserting GCF_030552875.1
2025-12-09 05:44:38,971 [INFO] Finished inserting GCF_032849005.1
2025-12-09 05:44:39,850 [INFO] Finished inserting GCF_041003725.1
2025-12-09 05:44:40,122 [INFO] Finished inserting GCF_021513215.1
2025-12-09 05:44:40,630 [INFO] Finished inserting GCF_022870925.1
2025-12-09 05:44:41,048 [INFO] Finished inserting GCA_034477985.1
2025-12-09 05:44:41,754 [INFO] Finished inserting GCF_021398995.1
2025-12-09 05:44:42,158 [INFO] Finished inserting GCF_021513235.1
2025-12-09 05:44:42,393 [INFO] Finished inserting GCF_045866535.1
2025-12-09 05:44:43,253 [INFO] Finished inserting GCF_039698855.1
2025-12-09 05:44:43,621 [INFO] Finished inserting GCF_027941775.1
2025-12-09 05:44:44,032 [INFO] Finished inserting GCF_021957085.1
2025-12-09 05:44:44,656 [INFO] Finished inserting GCF_033170365.1
2025-12-09 05:44:46,051 [INFO] Finished inserting GCF_035918295.1
2025-12-09 05:44:46,966 [INFO] Finished inserting GCF_031344995.1
2025-12-09 05:44:47,723 [INFO] Finished inserting GCF_037023725.1
2025-12-09 05:44:48,133 [INFO] Finished inserting GCF_026153635.1
2025-12-09 05:44:49,015 [INFO] Finished inserting GCF_035658295.1
2025-12-09 05:44:49,876 [INFO] Finished inserting GCF_014596785.2
2025-12-09 05:44:51,165 [INFO] Finished inserting GCF_027627435.1
2025-12-09 05:44:51,855 [INFO] Finished inserting GCA_037234985.1
2025-12-09 05:44:52,861 [INFO] Finished inserting GCF_045571495.1
2025-12-09 05:44:53,427 [INFO] Finished inserting GCF_026625305.1
2025-12-09 05:44:53,703 [INFO] Finished inserting GCF_964084875.1
2025-12-09 05:44:54,965 [INFO] Finished inserting GCF_035969035.1
2025-12-09 05:44:55,508 [INFO] Finished inserting GCF_040833965.1
2025-12-09 05:44:56,122 [INFO] Finished inserting GCF_003994815.1
2025-12-09 05:44:56,727 [INFO] Finished inserting GCF_025402875.1
2025-12-09 05:44:57,156 [INFO] Finished inserting GCF_022809775.1
2025-12-09 05:44:57,380 [INFO] Finished inserting GCF_031205055.1
2025-12-09 05:44:58,567 [INFO] Finished inserting GCF_006094315.1
2025-12-09 05:44:59,043 [INFO] Finished inserting GCF_018399015.1
2025-12-09 05:44:59,711 [INFO] Finished inserting GCF_030344915.1
2025-12-09 05:45:00,552 [INFO] Finished inserting GCF_036549575.1
2025-12-09 05:45:01,286 [INFO] Finished inserting GCF_022647325.1
2025-12-09 05:45:01,822 [INFO] Finished inserting GCA_038446195.1
2025-12-09 05:45:01,933 [INFO] Finished inserting GCF_020497585.1
2025-12-09 05:45:02,647 [INFO] Finished inserting GCF_019264725.1
2025-12-09 05:45:02,980 [INFO] Finished inserting GCF_028335145.1
2025-12-09 05:45:03,342 [INFO] Finished inserting GCA_015693905.1
2025-12-09 05:45:04,335 [INFO] Finished inserting GCF_025252265.1
2025-12-09 05:45:05,125 [INFO] Finished inserting GCF_022701015.1
2025-12-09 05:45:05,537 [INFO] Finished inserting GCF_039954625.1
2025-12-09 05:45:06,557 [INFO] Finished inserting GCF_017569345.1
2025-12-09 05:45:07,042 [INFO] Finished inserting GCF_014884505.1
2025-12-09 05:45:07,851 [INFO] Finished inserting GCF_005853645.1
2025-12-09 05:45:08,545 [INFO] Finished inserting GCF_045348005.1
2025-12-09 05:45:08,685 [INFO] Finished inserting GCA_015256915.3
2025-12-09 05:45:09,853 [INFO] Finished inserting GCF_030719215.1
2025-12-09 05:45:10,678 [INFO] Finished inserting GCF_029537235.1
2025-12-09 05:45:11,437 [INFO] Finished inserting GCA_024703855.1
2025-12-09 05:45:12,569 [INFO] Finished inserting GCF_000280725.2
2025-12-09 05:45:13,443 [INFO] Finished inserting GCF_022759525.1
2025-12-09 05:45:14,049 [INFO] Finished inserting GCF_019443765.1
2025-12-09 05:45:14,937 [INFO] Finished inserting GCF_044054595.1
2025-12-09 05:45:15,298 [INFO] Finished inserting GCF_030758755.1
2025-12-09 05:45:15,582 [INFO] Finished inserting GCA_033470255.1
2025-12-09 05:45:16,253 [INFO] Finished inserting GCF_015708675.1
2025-12-09 05:45:16,931 [INFO] Finished inserting GCA_026967495.1
2025-12-09 05:45:17,889 [INFO] Finished inserting GCF_022827705.1
2025-12-09 05:45:18,378 [INFO] Finished inserting GCF_007859675.1
2025-12-09 05:45:18,707 [INFO] Finished inserting GCF_004104465.2
2025-12-09 05:45:19,056 [INFO] Finished inserting GCF_034373425.1
2025-12-09 05:45:19,564 [INFO] Finished inserting GCF_025665335.1
2025-12-09 05:45:20,416 [INFO] Finished inserting GCA_030913305.1
2025-12-09 05:45:20,832 [INFO] Finished inserting GCF_021290385.1
2025-12-09 05:45:21,500 [INFO] Finished inserting GCF_964033635.1
2025-12-09 05:45:22,123 [INFO] Finished inserting GCA_037081865.1
2025-12-09 05:45:22,717 [INFO] Finished inserting GCF_041015235.1
2025-12-09 05:45:23,105 [INFO] Finished inserting GCF_026240815.1
2025-12-09 05:45:23,629 [INFO] Finished inserting GCA_042697855.1
2025-12-09 05:45:24,130 [INFO] Finished inserting GCF_020991125.1
2025-12-09 05:45:25,223 [INFO] Finished inserting GCF_042465085.1
2025-12-09 05:45:25,670 [INFO] Finished inserting GCF_030296755.1
2025-12-09 05:45:26,479 [INFO] Finished inserting GCF_022700995.1
2025-12-09 05:45:27,094 [INFO] Finished inserting GCF_045780835.1
2025-12-09 05:45:27,312 [INFO] Finished inserting GCF_045865005.1
2025-12-09 05:45:27,520 [INFO] Finished inserting GCF_040790795.1
2025-12-09 05:45:28,110 [INFO] Finished inserting GCF_014856545.2
2025-12-09 05:45:28,333 [INFO] Finished inserting GCF_000439915.2
2025-12-09 05:45:28,804 [INFO] Finished inserting GCF_030122745.1
2025-12-09 05:45:29,268 [INFO] Finished inserting GCF_015217905.1
2025-12-09 05:45:30,030 [INFO] Finished inserting GCF_006228345.1
2025-12-09 05:45:31,082 [INFO] Finished inserting GCF_040761425.1
2025-12-09 05:45:31,925 [INFO] Finished inserting GCA_030994205.1
2025-12-09 05:45:32,513 [INFO] Finished inserting GCF_033096445.1
2025-12-09 05:45:32,862 [INFO] Finished inserting GCF_042140145.1
2025-12-09 05:45:33,360 [INFO] Finished inserting GCF_030284585.1
2025-12-09 05:45:34,011 [INFO] Finished inserting GCF_021399015.1
2025-12-09 05:45:35,040 [INFO] Finished inserting GCF_024442315.1
2025-12-09 05:45:35,409 [INFO] Finished inserting GCF_030908465.1
2025-12-09 05:45:35,794 [INFO] Finished inserting GCF_037290055.1
2025-12-09 05:45:36,618 [INFO] Finished inserting GCF_006094495.1
2025-12-09 05:45:37,572 [INFO] Finished inserting GCF_019287315.1
2025-12-09 05:45:38,052 [INFO] Finished inserting GCF_027941795.1
2025-12-09 05:45:38,980 [INFO] Finished inserting GCF_043099735.1
2025-12-09 05:45:39,679 [INFO] Finished inserting GCF_014596815.2
2025-12-09 05:45:39,823 [INFO] Finished inserting GCA_028752135.1
2025-12-09 05:45:40,166 [INFO] Finished inserting GCF_036420115.1
2025-12-09 05:45:40,926 [INFO] Finished inserting GCF_015168335.1
2025-12-09 05:45:41,420 [INFO] Finished inserting GCF_031202305.1
2025-12-09 05:45:41,892 [INFO] Finished inserting GCF_022759505.1
2025-12-09 05:45:42,172 [INFO] Finished inserting GCA_038095535.1
2025-12-09 05:45:42,694 [INFO] Finished inserting GCA_023242925.1
2025-12-09 05:45:43,167 [INFO] Finished inserting GCF_020412445.1
2025-12-09 05:45:43,407 [INFO] Finished inserting GCF_028751035.1
2025-12-09 05:45:43,937 [INFO] Finished inserting GCF_003224315.2
2025-12-09 05:45:44,694 [INFO] Finished inserting GCF_019968705.1
2025-12-09 05:45:45,291 [INFO] Finished inserting GCF_008329985.2
2025-12-09 05:45:45,813 [INFO] Finished inserting GCF_024266645.1
2025-12-09 05:45:46,660 [INFO] Finished inserting GCA_042694155.1
2025-12-09 05:45:47,664 [INFO] Finished inserting GCF_030908285.1
2025-12-09 05:45:48,361 [INFO] Finished inserting GCF_029873395.1
2025-12-09 05:45:48,747 [INFO] Finished inserting GCF_045038405.1
2025-12-09 05:45:49,409 [INFO] Finished inserting GCF_023016265.1
2025-12-09 05:45:50,059 [INFO] Finished inserting GCF_045257525.1
2025-12-09 05:45:50,754 [INFO] Finished inserting GCF_038396325.1
2025-12-09 05:45:51,192 [INFO] Finished inserting GCF_019822885.1
2025-12-09 05:45:51,697 [INFO] Finished inserting GCF_013462805.1
2025-12-09 05:45:52,723 [INFO] Finished inserting GCF_024134545.1
2025-12-09 05:45:53,481 [INFO] Finished inserting GCF_019968685.1
2025-12-09 05:45:54,097 [INFO] Finished inserting GCF_014303955.1
2025-12-09 05:45:54,655 [INFO] Finished inserting GCF_029962585.1
2025-12-09 05:45:55,617 [INFO] Finished inserting GCF_034087045.1
2025-12-09 05:45:55,953 [INFO] Finished inserting GCF_046109915.1
2025-12-09 05:45:56,653 [INFO] Finished inserting GCF_030122805.1
2025-12-09 05:45:57,542 [INFO] Finished inserting GCF_025665315.1
2025-12-09 05:45:58,417 [INFO] Finished inserting GCF_030518795.1
2025-12-09 05:45:59,440 [INFO] Finished inserting GCF_031844645.1
2025-12-09 05:45:59,963 [INFO] Finished inserting GCF_044499995.1
2025-12-09 05:46:00,399 [INFO] Finished inserting GCF_044595335.1
2025-12-09 05:46:00,910 [INFO] Finished inserting GCF_024606005.1
2025-12-09 05:46:01,830 [INFO] Finished inserting GCF_045037875.1
2025-12-09 05:46:02,442 [INFO] Finished inserting GCA_037201705.1
2025-12-09 05:46:03,010 [INFO] Finished inserting GCF_041729615.1
2025-12-09 05:46:03,400 [INFO] Finished inserting GCF_029391915.1
2025-12-09 05:46:04,028 [INFO] Finished inserting GCF_011068285.1
2025-12-09 05:46:04,621 [INFO] Finished inserting GCF_024362385.1
2025-12-09 05:46:05,098 [INFO] Finished inserting GCF_024605895.1
2025-12-09 05:46:05,804 [INFO] Finished inserting GCF_044499985.1
2025-12-09 05:46:06,467 [INFO] Finished inserting GCF_025398015.1
2025-12-09 05:46:06,760 [INFO] Finished inserting GCF_029625275.1
2025-12-09 05:46:07,304 [INFO] Finished inserting GCA_023612635.1
2025-12-09 05:46:07,642 [INFO] Finished inserting GCF_041200005.1
2025-12-09 05:46:08,009 [INFO] Finished inserting GCF_035907395.1
2025-12-09 05:46:08,469 [INFO] Finished inserting GCF_964034995.1
2025-12-09 05:46:09,273 [INFO] Finished inserting GCF_006980565.2
2025-12-09 05:46:09,809 [INFO] Finished inserting GCF_031326125.1
2025-12-09 05:46:10,470 [INFO] Finished inserting GCF_023278085.1
2025-12-09 05:46:11,341 [INFO] Finished inserting GCA_024300805.1
2025-12-09 05:46:11,770 [INFO] Finished inserting GCF_019443945.1
2025-12-09 05:46:12,262 [INFO] Finished inserting GCF_014679925.1
2025-12-09 05:46:12,653 [INFO] Finished inserting GCF_035658435.1
2025-12-09 05:46:13,310 [INFO] Finished inserting GCF_030718995.1
2025-12-09 05:46:14,529 [INFO] Finished inserting GCF_024380055.1
2025-12-09 05:46:15,246 [INFO] Finished inserting GCF_034376465.1
2025-12-09 05:46:15,987 [INFO] Finished inserting GCF_030296615.1
2025-12-09 05:46:16,742 [INFO] Finished inserting GCF_029866425.1
2025-12-09 05:46:17,552 [INFO] Finished inserting GCF_029537015.1
2025-12-09 05:46:17,891 [INFO] Finished inserting GCF_002007085.2
2025-12-09 05:46:18,717 [INFO] Finished inserting GCF_024917975.1
2025-12-09 05:46:19,208 [INFO] Finished inserting GCF_040436395.1
2025-12-09 05:46:19,460 [INFO] Finished inserting GCF_964340835.1
2025-12-09 05:46:20,029 [INFO] Finished inserting GCF_030931715.1
2025-12-09 05:46:20,504 [INFO] Finished inserting GCF_018223625.1
2025-12-09 05:46:21,027 [INFO] Finished inserting GCF_001468185.2
2025-12-09 05:46:22,046 [INFO] Finished inserting GCF_043099725.1
2025-12-09 05:46:22,958 [INFO] Finished inserting GCF_045037975.1
2025-12-09 05:46:23,546 [INFO] Finished inserting GCF_030291935.1
2025-12-09 05:46:24,026 [INFO] Finished inserting GCF_019565455.1
2025-12-09 05:46:24,843 [INFO] Finished inserting GCF_037948395.1
2025-12-09 05:46:25,162 [INFO] Finished inserting GCF_027557675.1
2025-12-09 05:46:25,611 [INFO] Finished inserting GCF_030388305.1
2025-12-09 05:46:26,055 [INFO] Finished inserting GCF_043162025.1
2025-12-09 05:46:26,611 [INFO] Finished inserting GCF_030505695.1
2025-12-09 05:46:26,965 [INFO] Finished inserting GCF_030503795.1
2025-12-09 05:46:27,684 [INFO] Finished inserting GCA_002886105.1
2025-12-09 05:46:28,494 [INFO] Finished inserting GCF_020637575.2
2025-12-09 05:46:29,747 [INFO] Finished inserting GCF_027942015.1
2025-12-09 05:46:30,423 [INFO] Finished inserting GCA_030759595.1
2025-12-09 05:46:31,303 [INFO] Finished inserting GCF_016599655.1
2025-12-09 05:46:31,652 [INFO] Finished inserting GCF_032758595.1
2025-12-09 05:46:32,616 [INFO] Finished inserting GCF_947090825.1
2025-12-09 05:46:33,490 [INFO] Finished inserting GCF_045784335.1
2025-12-09 05:46:33,694 [INFO] Finished inserting GCF_030060925.1
2025-12-09 05:46:35,055 [INFO] Finished inserting GCF_044056785.1
2025-12-09 05:46:35,829 [INFO] Finished inserting GCF_023823795.1
2025-12-09 05:46:36,783 [INFO] Finished inserting GCF_030292135.1
2025-12-09 05:46:37,760 [INFO] Finished inserting GCF_044336365.1
2025-12-09 05:46:38,550 [INFO] Finished inserting GCF_006171285.1
2025-12-09 05:46:39,502 [INFO] Finished inserting GCF_041319905.1
2025-12-09 05:46:40,066 [INFO] Finished inserting GCA_007333575.2
2025-12-09 05:46:40,729 [INFO] Finished inserting GCF_017742995.1
2025-12-09 05:46:41,523 [INFO] Finished inserting GCF_030913705.1
2025-12-09 05:46:42,199 [INFO] Finished inserting GCF_036865485.1
2025-12-09 05:46:43,074 [INFO] Finished inserting GCA_004521945.2
2025-12-09 05:46:43,911 [INFO] Finished inserting GCF_030863805.1
2025-12-09 05:46:44,408 [INFO] Finished inserting GCF_030296555.1
2025-12-09 05:46:44,935 [INFO] Finished inserting GCF_024266955.1
2025-12-09 05:46:45,444 [INFO] Finished inserting GCF_022429565.1
2025-12-09 05:46:46,192 [INFO] Finished inserting GCF_030915465.1
2025-12-09 05:46:46,649 [INFO] Finished inserting GCF_026168555.1
2025-12-09 05:46:47,209 [INFO] Finished inserting GCF_041021955.1
2025-12-09 05:46:48,108 [INFO] Finished inserting GCF_037201975.1
2025-12-09 05:46:48,485 [INFO] Finished inserting GCA_042434925.1
2025-12-09 05:46:49,433 [INFO] Finished inserting GCF_009362995.1
2025-12-09 05:46:49,990 [INFO] Finished inserting GCF_040961385.1
2025-12-09 05:46:50,438 [INFO] Finished inserting GCF_044598075.1
2025-12-09 05:46:50,805 [INFO] Finished inserting GCF_027116455.1
2025-12-09 05:46:51,582 [INFO] Finished inserting GCF_033971265.1
2025-12-09 05:46:52,130 [INFO] Finished inserting GCF_025231525.1
2025-12-09 05:46:53,165 [INFO] Finished inserting GCF_044056015.1
2025-12-09 05:46:53,782 [INFO] Finished inserting GCF_007833955.1
2025-12-09 05:46:54,504 [INFO] Finished inserting GCA_018388625.1
2025-12-09 05:46:54,817 [INFO] Finished inserting GCF_043162015.1
2025-12-09 05:46:55,616 [INFO] Finished inserting GCF_011044475.1
2025-12-09 05:46:56,106 [INFO] Finished inserting GCA_007923165.1
2025-12-09 05:46:56,435 [INFO] Finished inserting GCA_024968345.1
2025-12-09 05:46:57,503 [INFO] Finished inserting GCF_021484945.1
2025-12-09 05:46:58,074 [INFO] Finished inserting GCF_030296835.1
2025-12-09 05:46:58,739 [INFO] Finished inserting GCA_029023745.1
2025-12-09 05:46:59,093 [INFO] Finished inserting GCF_030168495.1
2025-12-09 05:46:59,551 [INFO] Finished inserting GCF_008152325.1
2025-12-09 05:47:00,054 [INFO] Finished inserting GCF_044597005.1
2025-12-09 05:47:00,622 [INFO] Finished inserting GCF_044361575.1
2025-12-09 05:47:00,998 [INFO] Finished inserting GCA_016700055.1
2025-12-09 05:47:01,221 [INFO] Finished inserting GCF_037482165.1
2025-12-09 05:47:01,654 [INFO] Finished inserting GCF_041080865.1
2025-12-09 05:47:02,385 [INFO] Finished inserting GCF_035658495.1
2025-12-09 05:47:02,767 [INFO] Finished inserting GCA_030252205.1
2025-12-09 05:47:03,373 [INFO] Finished inserting GCF_034372165.1
2025-12-09 05:47:03,942 [INFO] Finished inserting GCF_042188925.1
2025-12-09 05:47:04,696 [INFO] Finished inserting GCA_021065985.2
2025-12-09 05:47:05,198 [INFO] Finished inserting GCF_026016445.1
2025-12-09 05:47:05,775 [INFO] Finished inserting GCF_036870955.2
2025-12-09 05:47:06,651 [INFO] Finished inserting GCF_024759405.1
2025-12-09 05:47:07,486 [INFO] Finished inserting GCF_023823835.1
2025-12-09 05:47:08,274 [INFO] Finished inserting GCF_040438925.1
2025-12-09 05:47:08,986 [INFO] Finished inserting GCF_009671145.1
2025-12-09 05:47:09,585 [INFO] Finished inserting GCF_045348255.1
2025-12-09 05:47:10,215 [INFO] Finished inserting GCA_029321015.1
2025-12-09 05:47:10,830 [INFO] Finished inserting GCF_012427845.1
2025-12-09 05:47:11,223 [INFO] Finished inserting GCF_030517085.1
2025-12-09 05:47:11,982 [INFO] Finished inserting GCA_035610185.1
2025-12-09 05:47:13,002 [INFO] Finished inserting GCF_022354485.1
2025-12-09 05:47:13,287 [INFO] Finished inserting GCF_021560575.1
2025-12-09 05:47:13,987 [INFO] Finished inserting GCF_029457495.1
2025-12-09 05:47:14,678 [INFO] Finished inserting GCF_040784925.1
2025-12-09 05:47:15,355 [INFO] Finished inserting GCA_020887765.2
2025-12-09 05:47:16,158 [INFO] Finished inserting GCF_030127045.1
2025-12-09 05:47:17,246 [INFO] Finished inserting GCF_042466665.1
2025-12-09 05:47:18,134 [INFO] Finished inserting GCF_020423045.1
2025-12-09 05:47:18,501 [INFO] Finished inserting GCF_022493055.1
2025-12-09 05:47:18,981 [INFO] Finished inserting GCF_044594925.1
2025-12-09 05:47:19,891 [INFO] Finished inserting GCF_032108445.1
2025-12-09 05:47:20,717 [INFO] Finished inserting GCA_045690295.1
2025-12-09 05:47:21,454 [INFO] Finished inserting GCF_042604575.1
2025-12-09 05:47:22,023 [INFO] Finished inserting GCF_032921865.1
2025-12-09 05:47:22,644 [INFO] Finished inserting GCF_040142795.1
2025-12-09 05:47:23,345 [INFO] Finished inserting GCA_007163885.2
2025-12-09 05:47:23,782 [INFO] Finished inserting GCF_034661295.1
2025-12-09 05:47:24,878 [INFO] Finished inserting GCA_029972295.1
2025-12-09 05:47:25,538 [INFO] Finished inserting GCA_013127575.1
2025-12-09 05:47:26,545 [INFO] Finished inserting GCA_038049915.1
2025-12-09 05:47:27,131 [INFO] Finished inserting GCF_041227765.1
2025-12-09 05:47:28,115 [INFO] Finished inserting GCF_030406905.1
2025-12-09 05:47:28,708 [INFO] Finished inserting GCF_963855525.1
2025-12-09 05:47:29,176 [INFO] Finished inserting GCF_024362365.1
2025-12-09 05:47:29,756 [INFO] Finished inserting GCF_010748935.1
2025-12-09 05:47:30,400 [INFO] Finished inserting GCF_029625315.1
2025-12-09 05:47:31,295 [INFO] Finished inserting GCF_017347385.1
2025-12-09 05:47:32,325 [INFO] Finished inserting GCF_029761955.1
2025-12-09 05:47:32,909 [INFO] Finished inserting GCF_961514395.1
2025-12-09 05:47:34,598 [INFO] SLURM_ARRAY_TASK_ID: 1
2025-12-09 05:47:34,598 [INFO] SLURM_ARRAY_TASK_COUNT: 5
2025-12-09 05:47:46,870 [INFO] SLURM_ARRAY_TASK_ID: 1
2025-12-09 05:47:46,870 [INFO] SLURM_ARRAY_TASK_COUNT: 5
